#
# There is insufficient memory for the Java Runtime Environment to continue.
# Native memory allocation (mmap) failed to map 344981504 bytes for G1 virtual space
# Possible reasons:
#   The system is out of physical RAM or swap space
#   The process is running with CompressedOops enabled, and the Java Heap may be blocking the growth of the native heap
# Possible solutions:
#   Reduce memory load on the system
#   Increase physical memory or swap space
#   Check if swap backing store is full
#   Decrease Java heap size (-Xmx/-Xms)
#   Decrease number of Java threads
#   Decrease Java thread stack sizes (-Xss)
#   Set larger code cache with -XX:ReservedCodeCacheSize=
#   JVM is running with Unscaled Compressed Oops mode in which the Java heap is
#     placed in the first 4GB address space. The Java Heap base address is the
#     maximum limit for the native heap growth. Please use -XX:HeapBaseMinAddress
#     to set the Java Heap base and to place the Java Heap above 4GB virtual address.
# This output file may be truncated or incomplete.
#
#  Out of Memory Error (os_windows.cpp:3603), pid=35504, tid=14176
#
# JRE version: Java(TM) SE Runtime Environment (21.0.8+12) (build 21.0.8+12-LTS-250)
# Java VM: Java HotSpot(TM) 64-Bit Server VM (21.0.8+12-LTS-250, mixed mode, sharing, tiered, compressed oops, compressed class ptrs, g1 gc, windows-amd64)
# No core dump will be written. Minidumps are not enabled by default on client versions of Windows
#

---------------  S U M M A R Y ------------

Command Line: -Dclassworlds.conf=C:\Program Files\Maven\apache-maven-3.9.9\bin\m2.conf -Dmaven.home=C:\Program Files\Maven\apache-maven-3.9.9 -Dlibrary.jansi.path=C:\Program Files\Maven\apache-maven-3.9.9\lib\jansi-native -Dmaven.multiModuleProjectDirectory=D:\university\Luan_Van\code\event_management org.codehaus.plexus.classworlds.launcher.Launcher clean compile

Host: 11th Gen Intel(R) Core(TM) i5-1135G7 @ 2.40GHz, 8 cores, 7G,  Windows 11 , 64 bit Build 22621 (10.0.22621.1)
Time: Thu Apr  2 22:55:14 2026 SE Asia Standard Time elapsed time: 18.897470 seconds (0d 0h 0m 18s)

---------------  T H R E A D  ---------------

Current thread (0x000001b1fdc647a0):  VMThread "VM Thread"          [id=14176, stack(0x0000008e4f700000,0x0000008e4f800000) (1024K)]

Stack: [0x0000008e4f700000,0x0000008e4f800000]
Native frames: (J=compiled Java code, j=interpreted, Vv=VM code, C=native code)
V  [jvm.dll+0x6cc179]
V  [jvm.dll+0x8584c1]
V  [jvm.dll+0x85a9ee]
V  [jvm.dll+0x85b0c3]
V  [jvm.dll+0x27ebf6]
V  [jvm.dll+0x6c88f5]
V  [jvm.dll+0x6bd45a]
V  [jvm.dll+0x354b1a]
V  [jvm.dll+0x35c796]
V  [jvm.dll+0x3af85e]
V  [jvm.dll+0x3afb08]
V  [jvm.dll+0x328e2c]
V  [jvm.dll+0x328eb7]
V  [jvm.dll+0x36d7dc]
V  [jvm.dll+0x36c02e]
V  [jvm.dll+0x3285f1]
V  [jvm.dll+0x36b74a]
V  [jvm.dll+0x860e90]
V  [jvm.dll+0x862214]
V  [jvm.dll+0x862750]
V  [jvm.dll+0x8629f3]
V  [jvm.dll+0x80279b]
V  [jvm.dll+0x6ca85d]
C  [ucrtbase.dll+0x29363]
C  [KERNEL32.DLL+0x1244d]
C  [ntdll.dll+0x5df88]

VM_Operation (0x0000008e4f0fd000): G1CollectForAllocation, mode: safepoint, requested by thread 0x000001b1f658aaf0


---------------  P R O C E S S  ---------------

Threads class SMR info:
_java_thread_list=0x000001b1fdaeea90, length=16, elements={
0x000001b1f658aaf0, 0x000001b1fdc77fd0, 0x000001b1fdc78b10, 0x000001b1fdc7b9c0,
0x000001b1fdc7c630, 0x000001b1fdc815a0, 0x000001b1fdc831b0, 0x000001b1fdc84290,
0x000001b1fdc918a0, 0x000001b1976596b0, 0x000001b197668740, 0x000001b1ddc5e690,
0x000001b1de54e8a0, 0x000001b1dd54bee0, 0x000001b1deede740, 0x000001b1de965390
}

Java Threads: ( => current thread )
  0x000001b1f658aaf0 JavaThread "main"                              [_thread_blocked, id=18612, stack(0x0000008e4f000000,0x0000008e4f100000) (1024K)]
  0x000001b1fdc77fd0 JavaThread "Reference Handler"          daemon [_thread_blocked, id=5548, stack(0x0000008e4f800000,0x0000008e4f900000) (1024K)]
  0x000001b1fdc78b10 JavaThread "Finalizer"                  daemon [_thread_blocked, id=25604, stack(0x0000008e4f900000,0x0000008e4fa00000) (1024K)]
  0x000001b1fdc7b9c0 JavaThread "Signal Dispatcher"          daemon [_thread_blocked, id=22572, stack(0x0000008e4fa00000,0x0000008e4fb00000) (1024K)]
  0x000001b1fdc7c630 JavaThread "Attach Listener"            daemon [_thread_blocked, id=30936, stack(0x0000008e4fb00000,0x0000008e4fc00000) (1024K)]
  0x000001b1fdc815a0 JavaThread "Service Thread"             daemon [_thread_blocked, id=4132, stack(0x0000008e4fc00000,0x0000008e4fd00000) (1024K)]
  0x000001b1fdc831b0 JavaThread "Monitor Deflation Thread"   daemon [_thread_blocked, id=24112, stack(0x0000008e4fd00000,0x0000008e4fe00000) (1024K)]
  0x000001b1fdc84290 JavaThread "C2 CompilerThread0"         daemon [_thread_blocked, id=35016, stack(0x0000008e4fe00000,0x0000008e4ff00000) (1024K)]
  0x000001b1fdc918a0 JavaThread "C1 CompilerThread0"         daemon [_thread_blocked, id=11132, stack(0x0000008e4ff00000,0x0000008e50000000) (1024K)]
  0x000001b1976596b0 JavaThread "Notification Thread"        daemon [_thread_blocked, id=26352, stack(0x0000008e50000000,0x0000008e50100000) (1024K)]
  0x000001b197668740 JavaThread "Common-Cleaner"             daemon [_thread_blocked, id=20652, stack(0x0000008e50100000,0x0000008e50200000) (1024K)]
  0x000001b1ddc5e690 JavaThread "Thread-1"                   daemon [_thread_blocked, id=27256, stack(0x0000008e50a00000,0x0000008e50b00000) (1024K)]
  0x000001b1de54e8a0 JavaThread "C2 CompilerThread1"         daemon [_thread_blocked, id=2648, stack(0x0000008e50900000,0x0000008e50a00000) (1024K)]
  0x000001b1dd54bee0 JavaThread "resolver-1"                 daemon [_thread_blocked, id=8816, stack(0x0000008e50b00000,0x0000008e50c00000) (1024K)]
  0x000001b1deede740 JavaThread "resolver-2"                 daemon [_thread_blocked, id=16480, stack(0x0000008e50c00000,0x0000008e50d00000) (1024K)]
  0x000001b1de965390 JavaThread "C2 CompilerThread2"         daemon [_thread_blocked, id=24952, stack(0x0000008e50d00000,0x0000008e50e00000) (1024K)]
Total: 16

Other Threads:
=>0x000001b1fdc647a0 VMThread "VM Thread"                           [id=14176, stack(0x0000008e4f700000,0x0000008e4f800000) (1024K)]
  0x000001b1fdc51300 WatcherThread "VM Periodic Task Thread"        [id=19204, stack(0x0000008e4f600000,0x0000008e4f700000) (1024K)]
  0x000001b1f87b8120 WorkerThread "GC Thread#0"                     [id=13808, stack(0x0000008e4f100000,0x0000008e4f200000) (1024K)]
  0x000001b1dd23e5f0 WorkerThread "GC Thread#1"                     [id=30320, stack(0x0000008e50200000,0x0000008e50300000) (1024K)]
  0x000001b1dd7e16c0 WorkerThread "GC Thread#2"                     [id=27948, stack(0x0000008e50300000,0x0000008e50400000) (1024K)]
  0x000001b1dd7e1a60 WorkerThread "GC Thread#3"                     [id=16176, stack(0x0000008e50400000,0x0000008e50500000) (1024K)]
  0x000001b1dd7e3e10 WorkerThread "GC Thread#4"                     [id=5420, stack(0x0000008e50500000,0x0000008e50600000) (1024K)]
  0x000001b1dd7e41b0 WorkerThread "GC Thread#5"                     [id=5540, stack(0x0000008e50600000,0x0000008e50700000) (1024K)]
  0x000001b1dd7ec560 WorkerThread "GC Thread#6"                     [id=17104, stack(0x0000008e50700000,0x0000008e50800000) (1024K)]
  0x000001b1dd7ec900 WorkerThread "GC Thread#7"                     [id=28644, stack(0x0000008e50800000,0x0000008e50900000) (1024K)]
  0x000001b1f87c98d0 ConcurrentGCThread "G1 Main Marker"            [id=35936, stack(0x0000008e4f200000,0x0000008e4f300000) (1024K)]
  0x000001b1f87ca6e0 WorkerThread "G1 Conc#0"                       [id=39860, stack(0x0000008e4f300000,0x0000008e4f400000) (1024K)]
  0x000001b1ddc23480 WorkerThread "G1 Conc#1"                       [id=8124, stack(0x0000008e50f00000,0x0000008e51000000) (1024K)]
  0x000001b1fdb1a5e0 ConcurrentGCThread "G1 Refine#0"               [id=30132, stack(0x0000008e4f400000,0x0000008e4f500000) (1024K)]
  0x000001b1fdb1df10 ConcurrentGCThread "G1 Service"                [id=8668, stack(0x0000008e4f500000,0x0000008e4f600000) (1024K)]
Total: 15

Threads with active compile tasks:
C2 CompilerThread0    18925 13710   !   4       lombok.javac.JavacAST::getAbsoluteFileLocation (45 bytes)
C2 CompilerThread1    18925 13712   !   4       sun.nio.fs.WindowsUriSupport::toUri (48 bytes)
C2 CompilerThread2    18925 13711       4       sun.nio.fs.WindowsPath::toUri (5 bytes)
Total: 3

VM state: at safepoint (normal execution)

VM Mutex/Monitor currently owned by a thread:  ([mutex/lock_event])
[0x00007ffc9d190e50] Threads_lock - owner thread: 0x000001b1fdc647a0
[0x00007ffc9d190f50] Heap_lock - owner thread: 0x000001b1f658aaf0

Heap address: 0x0000000084200000, size: 1982 MB, Compressed Oops mode: 32-bit

CDS archive(s) mapped at: [0x000001b198000000-0x000001b198c90000-0x000001b198c90000), size 13172736, SharedBaseAddress: 0x000001b198000000, ArchiveRelocationMode: 1.
Compressed class space mapped at: 0x000001b199000000-0x000001b1d9000000, reserved size: 1073741824
Narrow klass base: 0x000001b198000000, Narrow klass shift: 0, Narrow klass range: 0x100000000

GC Precious Log:
 CardTable entry size: 512
 Card Set container configuration: InlinePtr #cards 5 size 8 Array Of Cards #cards 12 size 40 Howl #buckets 4 coarsen threshold 1843 Howl Bitmap #cards 512 size 80 coarsen threshold 460 Card regions per heap region 1 cards per card region 2048
 CPUs: 8 total, 8 available
 Memory: 7926M
 Large Page Support: Disabled
 NUMA Support: Disabled
 Compressed Oops: Enabled (32-bit)
 Heap Region Size: 1M
 Heap Min Capacity: 8M
 Heap Initial Capacity: 124M
 Heap Max Capacity: 1982M
 Pre-touch: Disabled
 Parallel Workers: 8
 Concurrent Workers: 2
 Concurrent Refinement Workers: 8
 Periodic GC: Disabled

Heap:
 garbage-first heap   total 336896K, used 142384K [0x0000000084200000, 0x0000000100000000)
  region size 1024K, 10 young (10240K), 10 survivors (10240K)
 Metaspace       used 47963K, committed 48576K, reserved 1114112K
  class space    used 5215K, committed 5504K, reserved 1048576K

Heap Regions: E=young(eden), S=young(survivor), O=old, HS=humongous(starts), HC=humongous(continues), CS=collection set, F=free, TAMS=top-at-mark-start, PB=parsable bottom
|   0|0x0000000084200000, 0x0000000084300000, 0x0000000084300000|100%| O|  |TAMS 0x0000000084200000| PB 0x0000000084200000| Untracked 
|   1|0x0000000084300000, 0x0000000084400000, 0x0000000084400000|100%| O|  |TAMS 0x0000000084300000| PB 0x0000000084300000| Untracked 
|   2|0x0000000084400000, 0x0000000084500000, 0x0000000084500000|100%| O|  |TAMS 0x0000000084400000| PB 0x0000000084400000| Untracked 
|   3|0x0000000084500000, 0x0000000084600000, 0x0000000084600000|100%| O|  |TAMS 0x0000000084500000| PB 0x0000000084500000| Untracked 
|   4|0x0000000084600000, 0x0000000084700000, 0x0000000084700000|100%| O|  |TAMS 0x0000000084600000| PB 0x0000000084600000| Untracked 
|   5|0x0000000084700000, 0x0000000084800000, 0x0000000084800000|100%| O|  |TAMS 0x0000000084700000| PB 0x0000000084700000| Untracked 
|   6|0x0000000084800000, 0x0000000084900000, 0x0000000084900000|100%| O|  |TAMS 0x0000000084800000| PB 0x0000000084800000| Untracked 
|   7|0x0000000084900000, 0x0000000084a00000, 0x0000000084a00000|100%| O|  |TAMS 0x0000000084900000| PB 0x0000000084900000| Untracked 
|   8|0x0000000084a00000, 0x0000000084b00000, 0x0000000084b00000|100%| O|  |TAMS 0x0000000084a00000| PB 0x0000000084a00000| Untracked 
|   9|0x0000000084b00000, 0x0000000084c00000, 0x0000000084c00000|100%| O|  |TAMS 0x0000000084b00000| PB 0x0000000084b00000| Untracked 
|  10|0x0000000084c00000, 0x0000000084d00000, 0x0000000084d00000|100%| O|  |TAMS 0x0000000084c00000| PB 0x0000000084c00000| Untracked 
|  11|0x0000000084d00000, 0x0000000084e00000, 0x0000000084e00000|100%| O|  |TAMS 0x0000000084d00000| PB 0x0000000084d00000| Untracked 
|  12|0x0000000084e00000, 0x0000000084f00000, 0x0000000084f00000|100%| O|  |TAMS 0x0000000084e00000| PB 0x0000000084e00000| Untracked 
|  13|0x0000000084f00000, 0x0000000085000000, 0x0000000085000000|100%| O|  |TAMS 0x0000000084f00000| PB 0x0000000084f00000| Untracked 
|  14|0x0000000085000000, 0x0000000085100000, 0x0000000085100000|100%| O|  |TAMS 0x0000000085000000| PB 0x0000000085000000| Untracked 
|  15|0x0000000085100000, 0x0000000085200000, 0x0000000085200000|100%| O|  |TAMS 0x0000000085100000| PB 0x0000000085100000| Untracked 
|  16|0x0000000085200000, 0x0000000085300000, 0x0000000085300000|100%| O|  |TAMS 0x0000000085200000| PB 0x0000000085200000| Untracked 
|  17|0x0000000085300000, 0x0000000085400000, 0x0000000085400000|100%| O|  |TAMS 0x0000000085300000| PB 0x0000000085300000| Untracked 
|  18|0x0000000085400000, 0x0000000085500000, 0x0000000085500000|100%| O|  |TAMS 0x0000000085400000| PB 0x0000000085400000| Untracked 
|  19|0x0000000085500000, 0x0000000085600000, 0x0000000085600000|100%| O|  |TAMS 0x0000000085500000| PB 0x0000000085500000| Untracked 
|  20|0x0000000085600000, 0x0000000085700000, 0x0000000085700000|100%| O|  |TAMS 0x0000000085600000| PB 0x0000000085600000| Untracked 
|  21|0x0000000085700000, 0x0000000085800000, 0x0000000085800000|100%| O|  |TAMS 0x0000000085700000| PB 0x0000000085700000| Untracked 
|  22|0x0000000085800000, 0x0000000085900000, 0x0000000085900000|100%| O|  |TAMS 0x0000000085800000| PB 0x0000000085800000| Untracked 
|  23|0x0000000085900000, 0x0000000085a00000, 0x0000000085a00000|100%| O|  |TAMS 0x0000000085900000| PB 0x0000000085900000| Untracked 
|  24|0x0000000085a00000, 0x0000000085b00000, 0x0000000085b00000|100%| O|  |TAMS 0x0000000085a00000| PB 0x0000000085a00000| Untracked 
|  25|0x0000000085b00000, 0x0000000085c00000, 0x0000000085c00000|100%| O|  |TAMS 0x0000000085b00000| PB 0x0000000085b00000| Untracked 
|  26|0x0000000085c00000, 0x0000000085d00000, 0x0000000085d00000|100%|HS|  |TAMS 0x0000000085c00000| PB 0x0000000085c00000| Complete 
|  27|0x0000000085d00000, 0x0000000085e00000, 0x0000000085e00000|100%| O|  |TAMS 0x0000000085d00000| PB 0x0000000085d00000| Untracked 
|  28|0x0000000085e00000, 0x0000000085f00000, 0x0000000085f00000|100%| O|  |TAMS 0x0000000085e00000| PB 0x0000000085e00000| Untracked 
|  29|0x0000000085f00000, 0x0000000086000000, 0x0000000086000000|100%| O|  |TAMS 0x0000000085f00000| PB 0x0000000085f00000| Untracked 
|  30|0x0000000086000000, 0x0000000086100000, 0x0000000086100000|100%|HS|  |TAMS 0x0000000086000000| PB 0x0000000086000000| Complete 
|  31|0x0000000086100000, 0x0000000086200000, 0x0000000086200000|100%|HC|  |TAMS 0x0000000086100000| PB 0x0000000086100000| Complete 
|  32|0x0000000086200000, 0x0000000086300000, 0x0000000086300000|100%|HC|  |TAMS 0x0000000086200000| PB 0x0000000086200000| Complete 
|  33|0x0000000086300000, 0x0000000086400000, 0x0000000086400000|100%| O|  |TAMS 0x0000000086300000| PB 0x0000000086300000| Untracked 
|  34|0x0000000086400000, 0x0000000086500000, 0x0000000086500000|100%| O|  |TAMS 0x0000000086400000| PB 0x0000000086400000| Untracked 
|  35|0x0000000086500000, 0x0000000086600000, 0x0000000086600000|100%| O|  |TAMS 0x0000000086500000| PB 0x0000000086500000| Untracked 
|  36|0x0000000086600000, 0x0000000086700000, 0x0000000086700000|100%| O|  |TAMS 0x0000000086600000| PB 0x0000000086600000| Untracked 
|  37|0x0000000086700000, 0x0000000086800000, 0x0000000086800000|100%| O|  |TAMS 0x0000000086700000| PB 0x0000000086700000| Untracked 
|  38|0x0000000086800000, 0x0000000086900000, 0x0000000086900000|100%| O|  |TAMS 0x0000000086800000| PB 0x0000000086800000| Untracked 
|  39|0x0000000086900000, 0x0000000086a00000, 0x0000000086a00000|100%| O|  |TAMS 0x0000000086900000| PB 0x0000000086900000| Untracked 
|  40|0x0000000086a00000, 0x0000000086b00000, 0x0000000086b00000|100%| O|  |TAMS 0x0000000086a00000| PB 0x0000000086a00000| Untracked 
|  41|0x0000000086b00000, 0x0000000086c00000, 0x0000000086c00000|100%| O|  |TAMS 0x0000000086b00000| PB 0x0000000086b00000| Untracked 
|  42|0x0000000086c00000, 0x0000000086d00000, 0x0000000086d00000|100%| O|  |TAMS 0x0000000086c00000| PB 0x0000000086c00000| Untracked 
|  43|0x0000000086d00000, 0x0000000086e00000, 0x0000000086e00000|100%| O|  |TAMS 0x0000000086d00000| PB 0x0000000086d00000| Untracked 
|  44|0x0000000086e00000, 0x0000000086f00000, 0x0000000086f00000|100%| O|  |TAMS 0x0000000086e00000| PB 0x0000000086e00000| Untracked 
|  45|0x0000000086f00000, 0x0000000087000000, 0x0000000087000000|100%| O|  |TAMS 0x0000000086f00000| PB 0x0000000086f00000| Untracked 
|  46|0x0000000087000000, 0x0000000087100000, 0x0000000087100000|100%| O|  |TAMS 0x0000000087000000| PB 0x0000000087000000| Untracked 
|  47|0x0000000087100000, 0x0000000087200000, 0x0000000087200000|100%| O|  |TAMS 0x0000000087100000| PB 0x0000000087100000| Untracked 
|  48|0x0000000087200000, 0x0000000087300000, 0x0000000087300000|100%| O|  |TAMS 0x0000000087200000| PB 0x0000000087200000| Untracked 
|  49|0x0000000087300000, 0x0000000087400000, 0x0000000087400000|100%| O|  |TAMS 0x0000000087300000| PB 0x0000000087300000| Untracked 
|  50|0x0000000087400000, 0x0000000087500000, 0x0000000087500000|100%| O|  |TAMS 0x0000000087400000| PB 0x0000000087400000| Untracked 
|  51|0x0000000087500000, 0x0000000087600000, 0x0000000087600000|100%| O|  |TAMS 0x0000000087500000| PB 0x0000000087500000| Untracked 
|  52|0x0000000087600000, 0x0000000087700000, 0x0000000087700000|100%| O|  |TAMS 0x0000000087600000| PB 0x0000000087600000| Untracked 
|  53|0x0000000087700000, 0x0000000087800000, 0x0000000087800000|100%| O|  |TAMS 0x0000000087700000| PB 0x0000000087700000| Untracked 
|  54|0x0000000087800000, 0x0000000087800000, 0x0000000087900000|  0%| F|  |TAMS 0x0000000087800000| PB 0x0000000087800000| Untracked 
|  55|0x0000000087900000, 0x0000000087a00000, 0x0000000087a00000|100%| O|  |TAMS 0x0000000087900000| PB 0x0000000087900000| Untracked 
|  56|0x0000000087a00000, 0x0000000087b00000, 0x0000000087b00000|100%| O|  |TAMS 0x0000000087a00000| PB 0x0000000087a00000| Untracked 
|  57|0x0000000087b00000, 0x0000000087c00000, 0x0000000087c00000|100%| O|  |TAMS 0x0000000087b00000| PB 0x0000000087b00000| Untracked 
|  58|0x0000000087c00000, 0x0000000087d00000, 0x0000000087d00000|100%| O|  |TAMS 0x0000000087c00000| PB 0x0000000087c00000| Untracked 
|  59|0x0000000087d00000, 0x0000000087e00000, 0x0000000087e00000|100%| O|  |TAMS 0x0000000087d00000| PB 0x0000000087d00000| Untracked 
|  60|0x0000000087e00000, 0x0000000087f00000, 0x0000000087f00000|100%|HS|  |TAMS 0x0000000087e00000| PB 0x0000000087e00000| Complete 
|  61|0x0000000087f00000, 0x0000000088000000, 0x0000000088000000|100%|HC|  |TAMS 0x0000000087f00000| PB 0x0000000087f00000| Complete 
|  62|0x0000000088000000, 0x0000000088100000, 0x0000000088100000|100%|HC|  |TAMS 0x0000000088000000| PB 0x0000000088000000| Complete 
|  63|0x0000000088100000, 0x0000000088200000, 0x0000000088200000|100%| O|  |TAMS 0x0000000088100000| PB 0x0000000088100000| Untracked 
|  64|0x0000000088200000, 0x0000000088300000, 0x0000000088300000|100%| O|  |TAMS 0x0000000088200000| PB 0x0000000088200000| Untracked 
|  65|0x0000000088300000, 0x0000000088400000, 0x0000000088400000|100%| O|  |TAMS 0x0000000088300000| PB 0x0000000088300000| Untracked 
|  66|0x0000000088400000, 0x0000000088500000, 0x0000000088500000|100%| O|  |TAMS 0x0000000088400000| PB 0x0000000088400000| Untracked 
|  67|0x0000000088500000, 0x0000000088500000, 0x0000000088600000|  0%| F|  |TAMS 0x0000000088500000| PB 0x0000000088500000| Untracked 
|  68|0x0000000088600000, 0x0000000088700000, 0x0000000088700000|100%| O|  |TAMS 0x0000000088600000| PB 0x0000000088600000| Untracked 
|  69|0x0000000088700000, 0x0000000088800000, 0x0000000088800000|100%| O|  |TAMS 0x0000000088700000| PB 0x0000000088700000| Untracked 
|  70|0x0000000088800000, 0x0000000088900000, 0x0000000088900000|100%| O|  |TAMS 0x0000000088800000| PB 0x0000000088800000| Untracked 
|  71|0x0000000088900000, 0x0000000088a00000, 0x0000000088a00000|100%| O|  |TAMS 0x0000000088900000| PB 0x0000000088900000| Untracked 
|  72|0x0000000088a00000, 0x0000000088b00000, 0x0000000088b00000|100%| O|  |TAMS 0x0000000088a00000| PB 0x0000000088a00000| Untracked 
|  73|0x0000000088b00000, 0x0000000088c00000, 0x0000000088c00000|100%| O|  |TAMS 0x0000000088b00000| PB 0x0000000088b00000| Untracked 
|  74|0x0000000088c00000, 0x0000000088d00000, 0x0000000088d00000|100%| O|  |TAMS 0x0000000088c00000| PB 0x0000000088c00000| Untracked 
|  75|0x0000000088d00000, 0x0000000088e00000, 0x0000000088e00000|100%| O|  |TAMS 0x0000000088d00000| PB 0x0000000088d00000| Untracked 
|  76|0x0000000088e00000, 0x0000000088e00000, 0x0000000088f00000|  0%| F|  |TAMS 0x0000000088e00000| PB 0x0000000088e00000| Untracked 
|  77|0x0000000088f00000, 0x0000000089000000, 0x0000000089000000|100%| O|  |TAMS 0x0000000088f00000| PB 0x0000000088f00000| Untracked 
|  78|0x0000000089000000, 0x0000000089100000, 0x0000000089100000|100%| O|  |TAMS 0x0000000089000000| PB 0x0000000089000000| Untracked 
|  79|0x0000000089100000, 0x0000000089200000, 0x0000000089200000|100%| O|  |TAMS 0x0000000089100000| PB 0x0000000089100000| Untracked 
|  80|0x0000000089200000, 0x0000000089300000, 0x0000000089300000|100%| O|  |TAMS 0x0000000089200000| PB 0x0000000089200000| Untracked 
|  81|0x0000000089300000, 0x0000000089300000, 0x0000000089400000|  0%| F|  |TAMS 0x0000000089300000| PB 0x0000000089300000| Untracked 
|  82|0x0000000089400000, 0x0000000089500000, 0x0000000089500000|100%| O|  |TAMS 0x0000000089400000| PB 0x0000000089400000| Untracked 
|  83|0x0000000089500000, 0x0000000089600000, 0x0000000089600000|100%| O|  |TAMS 0x0000000089500000| PB 0x0000000089500000| Untracked 
|  84|0x0000000089600000, 0x0000000089700000, 0x0000000089700000|100%| O|  |TAMS 0x0000000089600000| PB 0x0000000089600000| Untracked 
|  85|0x0000000089700000, 0x0000000089800000, 0x0000000089800000|100%| O|  |TAMS 0x0000000089700000| PB 0x0000000089700000| Untracked 
|  86|0x0000000089800000, 0x0000000089900000, 0x0000000089900000|100%| O|  |TAMS 0x0000000089800000| PB 0x0000000089800000| Untracked 
|  87|0x0000000089900000, 0x0000000089a00000, 0x0000000089a00000|100%| O|  |TAMS 0x0000000089900000| PB 0x0000000089900000| Untracked 
|  88|0x0000000089a00000, 0x0000000089b00000, 0x0000000089b00000|100%| O|  |TAMS 0x0000000089a00000| PB 0x0000000089a00000| Untracked 
|  89|0x0000000089b00000, 0x0000000089c00000, 0x0000000089c00000|100%| O|  |TAMS 0x0000000089b00000| PB 0x0000000089b00000| Untracked 
|  90|0x0000000089c00000, 0x0000000089d00000, 0x0000000089d00000|100%| O|  |TAMS 0x0000000089c00000| PB 0x0000000089c00000| Untracked 
|  91|0x0000000089d00000, 0x0000000089e00000, 0x0000000089e00000|100%|HS|  |TAMS 0x0000000089d00000| PB 0x0000000089d00000| Complete 
|  92|0x0000000089e00000, 0x0000000089f00000, 0x0000000089f00000|100%|HC|  |TAMS 0x0000000089e00000| PB 0x0000000089e00000| Complete 
|  93|0x0000000089f00000, 0x000000008a000000, 0x000000008a000000|100%|HC|  |TAMS 0x0000000089f00000| PB 0x0000000089f00000| Complete 
|  94|0x000000008a000000, 0x000000008a100000, 0x000000008a100000|100%| O|  |TAMS 0x000000008a000000| PB 0x000000008a000000| Untracked 
|  95|0x000000008a100000, 0x000000008a200000, 0x000000008a200000|100%| O|  |TAMS 0x000000008a100000| PB 0x000000008a100000| Untracked 
|  96|0x000000008a200000, 0x000000008a300000, 0x000000008a300000|100%| O|  |TAMS 0x000000008a200000| PB 0x000000008a200000| Untracked 
|  97|0x000000008a300000, 0x000000008a400000, 0x000000008a400000|100%| O|  |TAMS 0x000000008a300000| PB 0x000000008a300000| Untracked 
|  98|0x000000008a400000, 0x000000008a500000, 0x000000008a500000|100%| O|  |TAMS 0x000000008a400000| PB 0x000000008a400000| Untracked 
|  99|0x000000008a500000, 0x000000008a600000, 0x000000008a600000|100%| O|  |TAMS 0x000000008a500000| PB 0x000000008a500000| Untracked 
| 100|0x000000008a600000, 0x000000008a700000, 0x000000008a700000|100%| O|  |TAMS 0x000000008a600000| PB 0x000000008a600000| Untracked 
| 101|0x000000008a700000, 0x000000008a800000, 0x000000008a800000|100%| O|  |TAMS 0x000000008a700000| PB 0x000000008a700000| Untracked 
| 102|0x000000008a800000, 0x000000008a900000, 0x000000008a900000|100%| O|  |TAMS 0x000000008a800000| PB 0x000000008a800000| Untracked 
| 103|0x000000008a900000, 0x000000008aa00000, 0x000000008aa00000|100%| O|  |TAMS 0x000000008a900000| PB 0x000000008a900000| Untracked 
| 104|0x000000008aa00000, 0x000000008ab00000, 0x000000008ab00000|100%| O|  |TAMS 0x000000008aa00000| PB 0x000000008aa00000| Untracked 
| 105|0x000000008ab00000, 0x000000008ac00000, 0x000000008ac00000|100%| O|  |TAMS 0x000000008ab00000| PB 0x000000008ab00000| Untracked 
| 106|0x000000008ac00000, 0x000000008ad00000, 0x000000008ad00000|100%| O|  |TAMS 0x000000008ac00000| PB 0x000000008ac00000| Untracked 
| 107|0x000000008ad00000, 0x000000008ae00000, 0x000000008ae00000|100%| O|  |TAMS 0x000000008ad00000| PB 0x000000008ad00000| Untracked 
| 108|0x000000008ae00000, 0x000000008af00000, 0x000000008af00000|100%| O|  |TAMS 0x000000008ae00000| PB 0x000000008ae00000| Untracked 
| 109|0x000000008af00000, 0x000000008b000000, 0x000000008b000000|100%| O|  |TAMS 0x000000008af00000| PB 0x000000008af00000| Untracked 
| 110|0x000000008b000000, 0x000000008b100000, 0x000000008b100000|100%| O|  |TAMS 0x000000008b000000| PB 0x000000008b000000| Untracked 
| 111|0x000000008b100000, 0x000000008b200000, 0x000000008b200000|100%| O|  |TAMS 0x000000008b100000| PB 0x000000008b100000| Untracked 
| 112|0x000000008b200000, 0x000000008b300000, 0x000000008b300000|100%| O|  |TAMS 0x000000008b200000| PB 0x000000008b200000| Untracked 
| 113|0x000000008b300000, 0x000000008b400000, 0x000000008b400000|100%| O|  |TAMS 0x000000008b300000| PB 0x000000008b300000| Untracked 
| 114|0x000000008b400000, 0x000000008b500000, 0x000000008b500000|100%| O|  |TAMS 0x000000008b400000| PB 0x000000008b400000| Untracked 
| 115|0x000000008b500000, 0x000000008b59dc00, 0x000000008b600000| 61%| O|  |TAMS 0x000000008b500000| PB 0x000000008b500000| Untracked 
| 116|0x000000008b600000, 0x000000008b600000, 0x000000008b700000|  0%| F|  |TAMS 0x000000008b600000| PB 0x000000008b600000| Untracked 
| 117|0x000000008b700000, 0x000000008b700000, 0x000000008b800000|  0%| F|  |TAMS 0x000000008b700000| PB 0x000000008b700000| Untracked 
| 118|0x000000008b800000, 0x000000008b800000, 0x000000008b900000|  0%| F|  |TAMS 0x000000008b800000| PB 0x000000008b800000| Untracked 
| 119|0x000000008b900000, 0x000000008b900000, 0x000000008ba00000|  0%| F|  |TAMS 0x000000008b900000| PB 0x000000008b900000| Untracked 
| 120|0x000000008ba00000, 0x000000008ba00000, 0x000000008bb00000|  0%| F|  |TAMS 0x000000008ba00000| PB 0x000000008ba00000| Untracked 
| 121|0x000000008bb00000, 0x000000008bb00000, 0x000000008bc00000|  0%| F|  |TAMS 0x000000008bb00000| PB 0x000000008bb00000| Untracked 
| 122|0x000000008bc00000, 0x000000008bc00000, 0x000000008bd00000|  0%| F|  |TAMS 0x000000008bc00000| PB 0x000000008bc00000| Untracked 
| 123|0x000000008bd00000, 0x000000008bd00000, 0x000000008be00000|  0%| F|  |TAMS 0x000000008bd00000| PB 0x000000008bd00000| Untracked 
| 124|0x000000008be00000, 0x000000008bf00000, 0x000000008bf00000|100%| O|  |TAMS 0x000000008be00000| PB 0x000000008be00000| Untracked 
| 125|0x000000008bf00000, 0x000000008c000000, 0x000000008c000000|100%| O|  |TAMS 0x000000008bf00000| PB 0x000000008bf00000| Untracked 
| 126|0x000000008c000000, 0x000000008c100000, 0x000000008c100000|100%| O|  |TAMS 0x000000008c000000| PB 0x000000008c000000| Untracked 
| 127|0x000000008c100000, 0x000000008c200000, 0x000000008c200000|100%| O|  |TAMS 0x000000008c100000| PB 0x000000008c100000| Untracked 
| 128|0x000000008c200000, 0x000000008c300000, 0x000000008c300000|100%| O|  |TAMS 0x000000008c200000| PB 0x000000008c200000| Untracked 
| 129|0x000000008c300000, 0x000000008c400000, 0x000000008c400000|100%| O|  |TAMS 0x000000008c300000| PB 0x000000008c300000| Untracked 
| 130|0x000000008c400000, 0x000000008c500000, 0x000000008c500000|100%| O|  |TAMS 0x000000008c400000| PB 0x000000008c400000| Untracked 
| 131|0x000000008c500000, 0x000000008c500000, 0x000000008c600000|  0%| F|  |TAMS 0x000000008c500000| PB 0x000000008c500000| Untracked 
| 132|0x000000008c600000, 0x000000008c600000, 0x000000008c700000|  0%| F|  |TAMS 0x000000008c600000| PB 0x000000008c600000| Untracked 
| 133|0x000000008c700000, 0x000000008c700000, 0x000000008c800000|  0%| F|  |TAMS 0x000000008c700000| PB 0x000000008c700000| Untracked 
| 134|0x000000008c800000, 0x000000008c800000, 0x000000008c900000|  0%| F|  |TAMS 0x000000008c800000| PB 0x000000008c800000| Untracked 
| 135|0x000000008c900000, 0x000000008c900000, 0x000000008ca00000|  0%| F|  |TAMS 0x000000008c900000| PB 0x000000008c900000| Untracked 
| 136|0x000000008ca00000, 0x000000008ca00000, 0x000000008cb00000|  0%| F|  |TAMS 0x000000008ca00000| PB 0x000000008ca00000| Untracked 
| 137|0x000000008cb00000, 0x000000008cb00000, 0x000000008cc00000|  0%| F|  |TAMS 0x000000008cb00000| PB 0x000000008cb00000| Untracked 
| 138|0x000000008cc00000, 0x000000008cc00000, 0x000000008cd00000|  0%| F|  |TAMS 0x000000008cc00000| PB 0x000000008cc00000| Untracked 
| 139|0x000000008cd00000, 0x000000008ce00000, 0x000000008ce00000|100%| O|  |TAMS 0x000000008cd00000| PB 0x000000008cd00000| Untracked 
| 140|0x000000008ce00000, 0x000000008cf00000, 0x000000008cf00000|100%| O|  |TAMS 0x000000008ce00000| PB 0x000000008ce00000| Untracked 
| 141|0x000000008cf00000, 0x000000008d000000, 0x000000008d000000|100%| O|  |TAMS 0x000000008cf00000| PB 0x000000008cf00000| Untracked 
| 142|0x000000008d000000, 0x000000008d100000, 0x000000008d100000|100%| O|  |TAMS 0x000000008d000000| PB 0x000000008d000000| Untracked 
| 143|0x000000008d100000, 0x000000008d100000, 0x000000008d200000|  0%| F|  |TAMS 0x000000008d100000| PB 0x000000008d100000| Untracked 
| 144|0x000000008d200000, 0x000000008d200000, 0x000000008d300000|  0%| F|  |TAMS 0x000000008d200000| PB 0x000000008d200000| Untracked 
| 145|0x000000008d300000, 0x000000008d300000, 0x000000008d400000|  0%| F|  |TAMS 0x000000008d300000| PB 0x000000008d300000| Untracked 
| 146|0x000000008d400000, 0x000000008d400000, 0x000000008d500000|  0%| F|  |TAMS 0x000000008d400000| PB 0x000000008d400000| Untracked 
| 147|0x000000008d500000, 0x000000008d500000, 0x000000008d600000|  0%| F|  |TAMS 0x000000008d500000| PB 0x000000008d500000| Untracked 
| 148|0x000000008d600000, 0x000000008d600000, 0x000000008d700000|  0%| F|  |TAMS 0x000000008d600000| PB 0x000000008d600000| Untracked 
| 149|0x000000008d700000, 0x000000008d700000, 0x000000008d800000|  0%| F|  |TAMS 0x000000008d700000| PB 0x000000008d700000| Untracked 
| 150|0x000000008d800000, 0x000000008d800000, 0x000000008d900000|  0%| F|  |TAMS 0x000000008d800000| PB 0x000000008d800000| Untracked 
| 151|0x000000008d900000, 0x000000008d96e6b0, 0x000000008da00000| 43%| S|CS|TAMS 0x000000008d900000| PB 0x000000008d900000| Complete 
| 152|0x000000008da00000, 0x000000008db00000, 0x000000008db00000|100%| S|CS|TAMS 0x000000008da00000| PB 0x000000008da00000| Complete 
| 153|0x000000008db00000, 0x000000008dc00000, 0x000000008dc00000|100%| S|CS|TAMS 0x000000008db00000| PB 0x000000008db00000| Complete 
| 154|0x000000008dc00000, 0x000000008dd00000, 0x000000008dd00000|100%| S|CS|TAMS 0x000000008dc00000| PB 0x000000008dc00000| Complete 
| 155|0x000000008dd00000, 0x000000008de00000, 0x000000008de00000|100%| S|CS|TAMS 0x000000008dd00000| PB 0x000000008dd00000| Complete 
| 156|0x000000008de00000, 0x000000008df00000, 0x000000008df00000|100%| S|CS|TAMS 0x000000008de00000| PB 0x000000008de00000| Complete 
| 157|0x000000008df00000, 0x000000008e000000, 0x000000008e000000|100%| S|CS|TAMS 0x000000008df00000| PB 0x000000008df00000| Complete 
| 158|0x000000008e000000, 0x000000008e100000, 0x000000008e100000|100%| S|CS|TAMS 0x000000008e000000| PB 0x000000008e000000| Complete 
| 159|0x000000008e100000, 0x000000008e200000, 0x000000008e200000|100%| S|CS|TAMS 0x000000008e100000| PB 0x000000008e100000| Complete 
| 160|0x000000008e200000, 0x000000008e300000, 0x000000008e300000|100%| S|CS|TAMS 0x000000008e200000| PB 0x000000008e200000| Complete 
| 161|0x000000008e300000, 0x000000008e300000, 0x000000008e400000|  0%| F|  |TAMS 0x000000008e300000| PB 0x000000008e300000| Untracked 
| 162|0x000000008e400000, 0x000000008e400000, 0x000000008e500000|  0%| F|  |TAMS 0x000000008e400000| PB 0x000000008e400000| Untracked 
| 163|0x000000008e500000, 0x000000008e500000, 0x000000008e600000|  0%| F|  |TAMS 0x000000008e500000| PB 0x000000008e500000| Untracked 
| 164|0x000000008e600000, 0x000000008e600000, 0x000000008e700000|  0%| F|  |TAMS 0x000000008e600000| PB 0x000000008e600000| Untracked 
| 165|0x000000008e700000, 0x000000008e700000, 0x000000008e800000|  0%| F|  |TAMS 0x000000008e700000| PB 0x000000008e700000| Untracked 
| 166|0x000000008e800000, 0x000000008e800000, 0x000000008e900000|  0%| F|  |TAMS 0x000000008e800000| PB 0x000000008e800000| Untracked 
| 167|0x000000008e900000, 0x000000008e900000, 0x000000008ea00000|  0%| F|  |TAMS 0x000000008e900000| PB 0x000000008e900000| Untracked 
| 168|0x000000008ea00000, 0x000000008ea00000, 0x000000008eb00000|  0%| F|  |TAMS 0x000000008ea00000| PB 0x000000008ea00000| Untracked 
| 169|0x000000008eb00000, 0x000000008eb00000, 0x000000008ec00000|  0%| F|  |TAMS 0x000000008eb00000| PB 0x000000008eb00000| Untracked 
| 170|0x000000008ec00000, 0x000000008ec00000, 0x000000008ed00000|  0%| F|  |TAMS 0x000000008ec00000| PB 0x000000008ec00000| Untracked 
| 171|0x000000008ed00000, 0x000000008ed00000, 0x000000008ee00000|  0%| F|  |TAMS 0x000000008ed00000| PB 0x000000008ed00000| Untracked 
| 172|0x000000008ee00000, 0x000000008ee00000, 0x000000008ef00000|  0%| F|  |TAMS 0x000000008ee00000| PB 0x000000008ee00000| Untracked 
| 173|0x000000008ef00000, 0x000000008ef00000, 0x000000008f000000|  0%| F|  |TAMS 0x000000008ef00000| PB 0x000000008ef00000| Untracked 
| 174|0x000000008f000000, 0x000000008f000000, 0x000000008f100000|  0%| F|  |TAMS 0x000000008f000000| PB 0x000000008f000000| Untracked 
| 175|0x000000008f100000, 0x000000008f100000, 0x000000008f200000|  0%| F|  |TAMS 0x000000008f100000| PB 0x000000008f100000| Untracked 
| 176|0x000000008f200000, 0x000000008f200000, 0x000000008f300000|  0%| F|  |TAMS 0x000000008f200000| PB 0x000000008f200000| Untracked 
| 177|0x000000008f300000, 0x000000008f300000, 0x000000008f400000|  0%| F|  |TAMS 0x000000008f300000| PB 0x000000008f300000| Untracked 
| 178|0x000000008f400000, 0x000000008f400000, 0x000000008f500000|  0%| F|  |TAMS 0x000000008f400000| PB 0x000000008f400000| Untracked 
| 179|0x000000008f500000, 0x000000008f500000, 0x000000008f600000|  0%| F|  |TAMS 0x000000008f500000| PB 0x000000008f500000| Untracked 
| 180|0x000000008f600000, 0x000000008f600000, 0x000000008f700000|  0%| F|  |TAMS 0x000000008f600000| PB 0x000000008f600000| Untracked 
| 181|0x000000008f700000, 0x000000008f700000, 0x000000008f800000|  0%| F|  |TAMS 0x000000008f700000| PB 0x000000008f700000| Untracked 
| 182|0x000000008f800000, 0x000000008f800000, 0x000000008f900000|  0%| F|  |TAMS 0x000000008f800000| PB 0x000000008f800000| Untracked 
| 183|0x000000008f900000, 0x000000008f900000, 0x000000008fa00000|  0%| F|  |TAMS 0x000000008f900000| PB 0x000000008f900000| Untracked 
| 184|0x000000008fa00000, 0x000000008fa00000, 0x000000008fb00000|  0%| F|  |TAMS 0x000000008fa00000| PB 0x000000008fa00000| Untracked 
| 185|0x000000008fb00000, 0x000000008fb00000, 0x000000008fc00000|  0%| F|  |TAMS 0x000000008fb00000| PB 0x000000008fb00000| Untracked 
| 186|0x000000008fc00000, 0x000000008fc00000, 0x000000008fd00000|  0%| F|  |TAMS 0x000000008fc00000| PB 0x000000008fc00000| Untracked 
| 187|0x000000008fd00000, 0x000000008fd00000, 0x000000008fe00000|  0%| F|  |TAMS 0x000000008fd00000| PB 0x000000008fd00000| Untracked 
| 188|0x000000008fe00000, 0x000000008fe00000, 0x000000008ff00000|  0%| F|  |TAMS 0x000000008fe00000| PB 0x000000008fe00000| Untracked 
| 189|0x000000008ff00000, 0x000000008ff00000, 0x0000000090000000|  0%| F|  |TAMS 0x000000008ff00000| PB 0x000000008ff00000| Untracked 
| 190|0x0000000090000000, 0x0000000090000000, 0x0000000090100000|  0%| F|  |TAMS 0x0000000090000000| PB 0x0000000090000000| Untracked 
| 191|0x0000000090100000, 0x0000000090100000, 0x0000000090200000|  0%| F|  |TAMS 0x0000000090100000| PB 0x0000000090100000| Untracked 
| 192|0x0000000090200000, 0x0000000090200000, 0x0000000090300000|  0%| F|  |TAMS 0x0000000090200000| PB 0x0000000090200000| Untracked 
| 193|0x0000000090300000, 0x0000000090300000, 0x0000000090400000|  0%| F|  |TAMS 0x0000000090300000| PB 0x0000000090300000| Untracked 
| 194|0x0000000090400000, 0x0000000090400000, 0x0000000090500000|  0%| F|  |TAMS 0x0000000090400000| PB 0x0000000090400000| Untracked 
| 195|0x0000000090500000, 0x0000000090500000, 0x0000000090600000|  0%| F|  |TAMS 0x0000000090500000| PB 0x0000000090500000| Untracked 
| 196|0x0000000090600000, 0x0000000090600000, 0x0000000090700000|  0%| F|  |TAMS 0x0000000090600000| PB 0x0000000090600000| Untracked 
| 197|0x0000000090700000, 0x0000000090700000, 0x0000000090800000|  0%| F|  |TAMS 0x0000000090700000| PB 0x0000000090700000| Untracked 
| 198|0x0000000090800000, 0x0000000090800000, 0x0000000090900000|  0%| F|  |TAMS 0x0000000090800000| PB 0x0000000090800000| Untracked 
| 199|0x0000000090900000, 0x0000000090900000, 0x0000000090a00000|  0%| F|  |TAMS 0x0000000090900000| PB 0x0000000090900000| Untracked 
| 200|0x0000000090a00000, 0x0000000090a00000, 0x0000000090b00000|  0%| F|  |TAMS 0x0000000090a00000| PB 0x0000000090a00000| Untracked 
| 201|0x0000000090b00000, 0x0000000090b00000, 0x0000000090c00000|  0%| F|  |TAMS 0x0000000090b00000| PB 0x0000000090b00000| Untracked 
| 202|0x0000000090c00000, 0x0000000090c00000, 0x0000000090d00000|  0%| F|  |TAMS 0x0000000090c00000| PB 0x0000000090c00000| Untracked 
| 203|0x0000000090d00000, 0x0000000090d00000, 0x0000000090e00000|  0%| F|  |TAMS 0x0000000090d00000| PB 0x0000000090d00000| Untracked 
| 204|0x0000000090e00000, 0x0000000090e00000, 0x0000000090f00000|  0%| F|  |TAMS 0x0000000090e00000| PB 0x0000000090e00000| Untracked 
| 205|0x0000000090f00000, 0x0000000090f00000, 0x0000000091000000|  0%| F|  |TAMS 0x0000000090f00000| PB 0x0000000090f00000| Untracked 
| 206|0x0000000091000000, 0x0000000091000000, 0x0000000091100000|  0%| F|  |TAMS 0x0000000091000000| PB 0x0000000091000000| Untracked 
| 207|0x0000000091100000, 0x0000000091100000, 0x0000000091200000|  0%| F|  |TAMS 0x0000000091100000| PB 0x0000000091100000| Untracked 
| 208|0x0000000091200000, 0x0000000091200000, 0x0000000091300000|  0%| F|  |TAMS 0x0000000091200000| PB 0x0000000091200000| Untracked 
| 209|0x0000000091300000, 0x0000000091300000, 0x0000000091400000|  0%| F|  |TAMS 0x0000000091300000| PB 0x0000000091300000| Untracked 
| 210|0x0000000091400000, 0x0000000091400000, 0x0000000091500000|  0%| F|  |TAMS 0x0000000091400000| PB 0x0000000091400000| Untracked 
| 211|0x0000000091500000, 0x0000000091500000, 0x0000000091600000|  0%| F|  |TAMS 0x0000000091500000| PB 0x0000000091500000| Untracked 
| 212|0x0000000091600000, 0x0000000091600000, 0x0000000091700000|  0%| F|  |TAMS 0x0000000091600000| PB 0x0000000091600000| Untracked 
| 213|0x0000000091700000, 0x0000000091700000, 0x0000000091800000|  0%| F|  |TAMS 0x0000000091700000| PB 0x0000000091700000| Untracked 
| 214|0x0000000091800000, 0x0000000091800000, 0x0000000091900000|  0%| F|  |TAMS 0x0000000091800000| PB 0x0000000091800000| Untracked 
| 215|0x0000000091900000, 0x0000000091900000, 0x0000000091a00000|  0%| F|  |TAMS 0x0000000091900000| PB 0x0000000091900000| Untracked 
| 216|0x0000000091a00000, 0x0000000091a00000, 0x0000000091b00000|  0%| F|  |TAMS 0x0000000091a00000| PB 0x0000000091a00000| Untracked 
| 217|0x0000000091b00000, 0x0000000091b00000, 0x0000000091c00000|  0%| F|  |TAMS 0x0000000091b00000| PB 0x0000000091b00000| Untracked 
| 218|0x0000000091c00000, 0x0000000091c00000, 0x0000000091d00000|  0%| F|  |TAMS 0x0000000091c00000| PB 0x0000000091c00000| Untracked 
| 219|0x0000000091d00000, 0x0000000091d00000, 0x0000000091e00000|  0%| F|  |TAMS 0x0000000091d00000| PB 0x0000000091d00000| Untracked 
| 220|0x0000000091e00000, 0x0000000091e00000, 0x0000000091f00000|  0%| F|  |TAMS 0x0000000091e00000| PB 0x0000000091e00000| Untracked 
| 221|0x0000000091f00000, 0x0000000091f00000, 0x0000000092000000|  0%| F|  |TAMS 0x0000000091f00000| PB 0x0000000091f00000| Untracked 
| 222|0x0000000092000000, 0x0000000092000000, 0x0000000092100000|  0%| F|  |TAMS 0x0000000092000000| PB 0x0000000092000000| Untracked 
| 223|0x0000000092100000, 0x0000000092100000, 0x0000000092200000|  0%| F|  |TAMS 0x0000000092100000| PB 0x0000000092100000| Untracked 
| 224|0x0000000092200000, 0x0000000092200000, 0x0000000092300000|  0%| F|  |TAMS 0x0000000092200000| PB 0x0000000092200000| Untracked 
| 225|0x0000000092300000, 0x0000000092300000, 0x0000000092400000|  0%| F|  |TAMS 0x0000000092300000| PB 0x0000000092300000| Untracked 
| 226|0x0000000092400000, 0x0000000092400000, 0x0000000092500000|  0%| F|  |TAMS 0x0000000092400000| PB 0x0000000092400000| Untracked 
| 227|0x0000000092500000, 0x0000000092500000, 0x0000000092600000|  0%| F|  |TAMS 0x0000000092500000| PB 0x0000000092500000| Untracked 
| 228|0x0000000092600000, 0x0000000092600000, 0x0000000092700000|  0%| F|  |TAMS 0x0000000092600000| PB 0x0000000092600000| Untracked 
| 229|0x0000000092700000, 0x0000000092700000, 0x0000000092800000|  0%| F|  |TAMS 0x0000000092700000| PB 0x0000000092700000| Untracked 
| 230|0x0000000092800000, 0x0000000092800000, 0x0000000092900000|  0%| F|  |TAMS 0x0000000092800000| PB 0x0000000092800000| Untracked 
| 231|0x0000000092900000, 0x0000000092900000, 0x0000000092a00000|  0%| F|  |TAMS 0x0000000092900000| PB 0x0000000092900000| Untracked 
| 232|0x0000000092a00000, 0x0000000092a00000, 0x0000000092b00000|  0%| F|  |TAMS 0x0000000092a00000| PB 0x0000000092a00000| Untracked 
| 233|0x0000000092b00000, 0x0000000092b00000, 0x0000000092c00000|  0%| F|  |TAMS 0x0000000092b00000| PB 0x0000000092b00000| Untracked 
| 234|0x0000000092c00000, 0x0000000092c00000, 0x0000000092d00000|  0%| F|  |TAMS 0x0000000092c00000| PB 0x0000000092c00000| Untracked 
| 235|0x0000000092d00000, 0x0000000092d00000, 0x0000000092e00000|  0%| F|  |TAMS 0x0000000092d00000| PB 0x0000000092d00000| Untracked 
| 236|0x0000000092e00000, 0x0000000092e00000, 0x0000000092f00000|  0%| F|  |TAMS 0x0000000092e00000| PB 0x0000000092e00000| Untracked 
| 237|0x0000000092f00000, 0x0000000092f00000, 0x0000000093000000|  0%| F|  |TAMS 0x0000000092f00000| PB 0x0000000092f00000| Untracked 
| 238|0x0000000093000000, 0x0000000093000000, 0x0000000093100000|  0%| F|  |TAMS 0x0000000093000000| PB 0x0000000093000000| Untracked 
| 239|0x0000000093100000, 0x0000000093100000, 0x0000000093200000|  0%| F|  |TAMS 0x0000000093100000| PB 0x0000000093100000| Untracked 
| 240|0x0000000093200000, 0x0000000093200000, 0x0000000093300000|  0%| F|  |TAMS 0x0000000093200000| PB 0x0000000093200000| Untracked 
| 241|0x0000000093300000, 0x0000000093300000, 0x0000000093400000|  0%| F|  |TAMS 0x0000000093300000| PB 0x0000000093300000| Untracked 
| 242|0x0000000093400000, 0x0000000093400000, 0x0000000093500000|  0%| F|  |TAMS 0x0000000093400000| PB 0x0000000093400000| Untracked 
| 243|0x0000000093500000, 0x0000000093500000, 0x0000000093600000|  0%| F|  |TAMS 0x0000000093500000| PB 0x0000000093500000| Untracked 
| 244|0x0000000093600000, 0x0000000093600000, 0x0000000093700000|  0%| F|  |TAMS 0x0000000093600000| PB 0x0000000093600000| Untracked 
| 245|0x0000000093700000, 0x0000000093700000, 0x0000000093800000|  0%| F|  |TAMS 0x0000000093700000| PB 0x0000000093700000| Untracked 
| 246|0x0000000093800000, 0x0000000093800000, 0x0000000093900000|  0%| F|  |TAMS 0x0000000093800000| PB 0x0000000093800000| Untracked 
| 247|0x0000000093900000, 0x0000000093900000, 0x0000000093a00000|  0%| F|  |TAMS 0x0000000093900000| PB 0x0000000093900000| Untracked 
| 248|0x0000000093a00000, 0x0000000093a00000, 0x0000000093b00000|  0%| F|  |TAMS 0x0000000093a00000| PB 0x0000000093a00000| Untracked 
| 249|0x0000000093b00000, 0x0000000093b00000, 0x0000000093c00000|  0%| F|  |TAMS 0x0000000093b00000| PB 0x0000000093b00000| Untracked 
| 250|0x0000000093c00000, 0x0000000093c00000, 0x0000000093d00000|  0%| F|  |TAMS 0x0000000093c00000| PB 0x0000000093c00000| Untracked 
| 251|0x0000000093d00000, 0x0000000093d00000, 0x0000000093e00000|  0%| F|  |TAMS 0x0000000093d00000| PB 0x0000000093d00000| Untracked 
| 252|0x0000000093e00000, 0x0000000093e00000, 0x0000000093f00000|  0%| F|  |TAMS 0x0000000093e00000| PB 0x0000000093e00000| Untracked 
| 253|0x0000000093f00000, 0x0000000093f00000, 0x0000000094000000|  0%| F|  |TAMS 0x0000000093f00000| PB 0x0000000093f00000| Untracked 
| 254|0x0000000094000000, 0x0000000094000000, 0x0000000094100000|  0%| F|  |TAMS 0x0000000094000000| PB 0x0000000094000000| Untracked 
| 255|0x0000000094100000, 0x0000000094100000, 0x0000000094200000|  0%| F|  |TAMS 0x0000000094100000| PB 0x0000000094100000| Untracked 
| 256|0x0000000094200000, 0x0000000094200000, 0x0000000094300000|  0%| F|  |TAMS 0x0000000094200000| PB 0x0000000094200000| Untracked 
| 257|0x0000000094300000, 0x0000000094300000, 0x0000000094400000|  0%| F|  |TAMS 0x0000000094300000| PB 0x0000000094300000| Untracked 
| 258|0x0000000094400000, 0x0000000094400000, 0x0000000094500000|  0%| F|  |TAMS 0x0000000094400000| PB 0x0000000094400000| Untracked 
| 259|0x0000000094500000, 0x0000000094500000, 0x0000000094600000|  0%| F|  |TAMS 0x0000000094500000| PB 0x0000000094500000| Untracked 
| 260|0x0000000094600000, 0x0000000094600000, 0x0000000094700000|  0%| F|  |TAMS 0x0000000094600000| PB 0x0000000094600000| Untracked 
| 261|0x0000000094700000, 0x0000000094700000, 0x0000000094800000|  0%| F|  |TAMS 0x0000000094700000| PB 0x0000000094700000| Untracked 
| 262|0x0000000094800000, 0x0000000094800000, 0x0000000094900000|  0%| F|  |TAMS 0x0000000094800000| PB 0x0000000094800000| Untracked 
| 263|0x0000000094900000, 0x0000000094900000, 0x0000000094a00000|  0%| F|  |TAMS 0x0000000094900000| PB 0x0000000094900000| Untracked 
| 264|0x0000000094a00000, 0x0000000094a00000, 0x0000000094b00000|  0%| F|  |TAMS 0x0000000094a00000| PB 0x0000000094a00000| Untracked 
| 265|0x0000000094b00000, 0x0000000094b00000, 0x0000000094c00000|  0%| F|  |TAMS 0x0000000094b00000| PB 0x0000000094b00000| Untracked 
| 266|0x0000000094c00000, 0x0000000094c00000, 0x0000000094d00000|  0%| F|  |TAMS 0x0000000094c00000| PB 0x0000000094c00000| Untracked 
| 267|0x0000000094d00000, 0x0000000094d00000, 0x0000000094e00000|  0%| F|  |TAMS 0x0000000094d00000| PB 0x0000000094d00000| Untracked 
| 268|0x0000000094e00000, 0x0000000094e00000, 0x0000000094f00000|  0%| F|  |TAMS 0x0000000094e00000| PB 0x0000000094e00000| Untracked 
| 269|0x0000000094f00000, 0x0000000094f00000, 0x0000000095000000|  0%| F|  |TAMS 0x0000000094f00000| PB 0x0000000094f00000| Untracked 
| 270|0x0000000095000000, 0x0000000095000000, 0x0000000095100000|  0%| F|  |TAMS 0x0000000095000000| PB 0x0000000095000000| Untracked 
| 271|0x0000000095100000, 0x0000000095100000, 0x0000000095200000|  0%| F|  |TAMS 0x0000000095100000| PB 0x0000000095100000| Untracked 
| 272|0x0000000095200000, 0x0000000095200000, 0x0000000095300000|  0%| F|  |TAMS 0x0000000095200000| PB 0x0000000095200000| Untracked 
| 273|0x0000000095300000, 0x0000000095300000, 0x0000000095400000|  0%| F|  |TAMS 0x0000000095300000| PB 0x0000000095300000| Untracked 
| 274|0x0000000095400000, 0x0000000095400000, 0x0000000095500000|  0%| F|  |TAMS 0x0000000095400000| PB 0x0000000095400000| Untracked 
| 275|0x0000000095500000, 0x0000000095500000, 0x0000000095600000|  0%| F|  |TAMS 0x0000000095500000| PB 0x0000000095500000| Untracked 
| 276|0x0000000095600000, 0x0000000095600000, 0x0000000095700000|  0%| F|  |TAMS 0x0000000095600000| PB 0x0000000095600000| Untracked 
| 277|0x0000000095700000, 0x0000000095700000, 0x0000000095800000|  0%| F|  |TAMS 0x0000000095700000| PB 0x0000000095700000| Untracked 
| 278|0x0000000095800000, 0x0000000095800000, 0x0000000095900000|  0%| F|  |TAMS 0x0000000095800000| PB 0x0000000095800000| Untracked 
| 279|0x0000000095900000, 0x0000000095900000, 0x0000000095a00000|  0%| F|  |TAMS 0x0000000095900000| PB 0x0000000095900000| Untracked 
| 280|0x0000000095a00000, 0x0000000095a00000, 0x0000000095b00000|  0%| F|  |TAMS 0x0000000095a00000| PB 0x0000000095a00000| Untracked 
| 281|0x0000000095b00000, 0x0000000095b00000, 0x0000000095c00000|  0%| F|  |TAMS 0x0000000095b00000| PB 0x0000000095b00000| Untracked 
| 282|0x0000000095c00000, 0x0000000095c00000, 0x0000000095d00000|  0%| F|  |TAMS 0x0000000095c00000| PB 0x0000000095c00000| Untracked 
| 283|0x0000000095d00000, 0x0000000095d00000, 0x0000000095e00000|  0%| F|  |TAMS 0x0000000095d00000| PB 0x0000000095d00000| Untracked 
| 284|0x0000000095e00000, 0x0000000095e00000, 0x0000000095f00000|  0%| F|  |TAMS 0x0000000095e00000| PB 0x0000000095e00000| Untracked 
| 285|0x0000000095f00000, 0x0000000095f00000, 0x0000000096000000|  0%| F|  |TAMS 0x0000000095f00000| PB 0x0000000095f00000| Untracked 
| 286|0x0000000096000000, 0x0000000096000000, 0x0000000096100000|  0%| F|  |TAMS 0x0000000096000000| PB 0x0000000096000000| Untracked 
| 287|0x0000000096100000, 0x0000000096100000, 0x0000000096200000|  0%| F|  |TAMS 0x0000000096100000| PB 0x0000000096100000| Untracked 
| 288|0x0000000096200000, 0x0000000096200000, 0x0000000096300000|  0%| F|  |TAMS 0x0000000096200000| PB 0x0000000096200000| Untracked 
| 289|0x0000000096300000, 0x0000000096300000, 0x0000000096400000|  0%| F|  |TAMS 0x0000000096300000| PB 0x0000000096300000| Untracked 
| 290|0x0000000096400000, 0x0000000096400000, 0x0000000096500000|  0%| F|  |TAMS 0x0000000096400000| PB 0x0000000096400000| Untracked 
| 291|0x0000000096500000, 0x0000000096500000, 0x0000000096600000|  0%| F|  |TAMS 0x0000000096500000| PB 0x0000000096500000| Untracked 
| 292|0x0000000096600000, 0x0000000096600000, 0x0000000096700000|  0%| F|  |TAMS 0x0000000096600000| PB 0x0000000096600000| Untracked 
| 293|0x0000000096700000, 0x0000000096700000, 0x0000000096800000|  0%| F|  |TAMS 0x0000000096700000| PB 0x0000000096700000| Untracked 
| 294|0x0000000096800000, 0x0000000096800000, 0x0000000096900000|  0%| F|  |TAMS 0x0000000096800000| PB 0x0000000096800000| Untracked 
| 295|0x0000000096900000, 0x0000000096900000, 0x0000000096a00000|  0%| F|  |TAMS 0x0000000096900000| PB 0x0000000096900000| Untracked 
| 296|0x0000000096a00000, 0x0000000096a00000, 0x0000000096b00000|  0%| F|  |TAMS 0x0000000096a00000| PB 0x0000000096a00000| Untracked 
| 297|0x0000000096b00000, 0x0000000096b00000, 0x0000000096c00000|  0%| F|  |TAMS 0x0000000096b00000| PB 0x0000000096b00000| Untracked 
| 298|0x0000000096c00000, 0x0000000096c00000, 0x0000000096d00000|  0%| F|  |TAMS 0x0000000096c00000| PB 0x0000000096c00000| Untracked 
| 299|0x0000000096d00000, 0x0000000096d00000, 0x0000000096e00000|  0%| F|  |TAMS 0x0000000096d00000| PB 0x0000000096d00000| Untracked 
| 300|0x0000000096e00000, 0x0000000096e00000, 0x0000000096f00000|  0%| F|  |TAMS 0x0000000096e00000| PB 0x0000000096e00000| Untracked 
| 301|0x0000000096f00000, 0x0000000096f00000, 0x0000000097000000|  0%| F|  |TAMS 0x0000000096f00000| PB 0x0000000096f00000| Untracked 
| 302|0x0000000097000000, 0x0000000097000000, 0x0000000097100000|  0%| F|  |TAMS 0x0000000097000000| PB 0x0000000097000000| Untracked 
| 303|0x0000000097100000, 0x0000000097100000, 0x0000000097200000|  0%| F|  |TAMS 0x0000000097100000| PB 0x0000000097100000| Untracked 
| 304|0x0000000097200000, 0x0000000097200000, 0x0000000097300000|  0%| F|  |TAMS 0x0000000097200000| PB 0x0000000097200000| Untracked 
| 305|0x0000000097300000, 0x0000000097300000, 0x0000000097400000|  0%| F|  |TAMS 0x0000000097300000| PB 0x0000000097300000| Untracked 
| 306|0x0000000097400000, 0x0000000097400000, 0x0000000097500000|  0%| F|  |TAMS 0x0000000097400000| PB 0x0000000097400000| Untracked 
| 307|0x0000000097500000, 0x0000000097500000, 0x0000000097600000|  0%| F|  |TAMS 0x0000000097500000| PB 0x0000000097500000| Untracked 
| 308|0x0000000097600000, 0x0000000097600000, 0x0000000097700000|  0%| F|  |TAMS 0x0000000097600000| PB 0x0000000097600000| Untracked 
| 309|0x0000000097700000, 0x0000000097700000, 0x0000000097800000|  0%| F|  |TAMS 0x0000000097700000| PB 0x0000000097700000| Untracked 
| 310|0x0000000097800000, 0x0000000097800000, 0x0000000097900000|  0%| F|  |TAMS 0x0000000097800000| PB 0x0000000097800000| Untracked 
| 311|0x0000000097900000, 0x0000000097900000, 0x0000000097a00000|  0%| F|  |TAMS 0x0000000097900000| PB 0x0000000097900000| Untracked 
| 312|0x0000000097a00000, 0x0000000097a00000, 0x0000000097b00000|  0%| F|  |TAMS 0x0000000097a00000| PB 0x0000000097a00000| Untracked 
| 313|0x0000000097b00000, 0x0000000097b00000, 0x0000000097c00000|  0%| F|  |TAMS 0x0000000097b00000| PB 0x0000000097b00000| Untracked 
| 314|0x0000000097c00000, 0x0000000097c00000, 0x0000000097d00000|  0%| F|  |TAMS 0x0000000097c00000| PB 0x0000000097c00000| Untracked 
| 315|0x0000000097d00000, 0x0000000097d00000, 0x0000000097e00000|  0%| F|  |TAMS 0x0000000097d00000| PB 0x0000000097d00000| Untracked 
| 316|0x0000000097e00000, 0x0000000097e00000, 0x0000000097f00000|  0%| F|  |TAMS 0x0000000097e00000| PB 0x0000000097e00000| Untracked 
| 317|0x0000000097f00000, 0x0000000097f00000, 0x0000000098000000|  0%| F|  |TAMS 0x0000000097f00000| PB 0x0000000097f00000| Untracked 
| 318|0x0000000098000000, 0x0000000098000000, 0x0000000098100000|  0%| F|  |TAMS 0x0000000098000000| PB 0x0000000098000000| Untracked 
| 319|0x0000000098100000, 0x0000000098100000, 0x0000000098200000|  0%| F|  |TAMS 0x0000000098100000| PB 0x0000000098100000| Untracked 
| 320|0x0000000098200000, 0x0000000098200000, 0x0000000098300000|  0%| F|  |TAMS 0x0000000098200000| PB 0x0000000098200000| Untracked 
|1974|0x00000000ff800000, 0x00000000ff800000, 0x00000000ff900000|  0%| F|  |TAMS 0x00000000ff800000| PB 0x00000000ff800000| Untracked 
|1975|0x00000000ff900000, 0x00000000ffa00000, 0x00000000ffa00000|100%| O|  |TAMS 0x00000000ff900000| PB 0x00000000ff900000| Untracked 
|1976|0x00000000ffa00000, 0x00000000ffb00000, 0x00000000ffb00000|100%| O|  |TAMS 0x00000000ffa00000| PB 0x00000000ffa00000| Untracked 
|1977|0x00000000ffb00000, 0x00000000ffc00000, 0x00000000ffc00000|100%| O|  |TAMS 0x00000000ffb00000| PB 0x00000000ffb00000| Untracked 
|1978|0x00000000ffc00000, 0x00000000ffd00000, 0x00000000ffd00000|100%| O|  |TAMS 0x00000000ffc00000| PB 0x00000000ffc00000| Untracked 
|1979|0x00000000ffd00000, 0x00000000ffe00000, 0x00000000ffe00000|100%| O|  |TAMS 0x00000000ffd00000| PB 0x00000000ffd00000| Untracked 
|1980|0x00000000ffe00000, 0x00000000fff00000, 0x00000000fff00000|100%| O|  |TAMS 0x00000000ffe00000| PB 0x00000000ffe00000| Untracked 
|1981|0x00000000fff00000, 0x0000000100000000, 0x0000000100000000|100%| O|  |TAMS 0x00000000fff00000| PB 0x00000000fff00000| Untracked 

Card table byte_map: [0x000001b1f8f50000,0x000001b1f9330000] _byte_map_base: 0x000001b1f8b2f000

Marking Bits: (CMBitMap*) 0x000001b1f87b8820
 Bits: [0x000001b1f9330000, 0x000001b1fb228000)

Polling page: 0x000001b1f7f30000

Metaspace:

Usage:
  Non-class:     41.75 MB used.
      Class:      5.09 MB used.
       Both:     46.84 MB used.

Virtual space:
  Non-class space:       64.00 MB reserved,      42.06 MB ( 66%) committed,  1 nodes.
      Class space:        1.00 GB reserved,       5.38 MB ( <1%) committed,  1 nodes.
             Both:        1.06 GB reserved,      47.44 MB (  4%) committed. 

Chunk freelists:
   Non-Class:  5.39 MB
       Class:  10.44 MB
        Both:  15.83 MB

MaxMetaspaceSize: unlimited
CompressedClassSpaceSize: 1.00 GB
Initial GC threshold: 21.00 MB
Current GC threshold: 79.06 MB
CDS: on
 - commit_granule_bytes: 65536.
 - commit_granule_words: 8192.
 - virtual_space_node_default_size: 8388608.
 - enlarge_chunks_in_place: 1.
 - use_allocation_guard: 0.


Internal statistics:

num_allocs_failed_limit: 6.
num_arena_births: 710.
num_arena_deaths: 0.
num_vsnodes_births: 2.
num_vsnodes_deaths: 0.
num_space_committed: 758.
num_space_uncommitted: 0.
num_chunks_returned_to_freelist: 6.
num_chunks_taken_from_freelist: 2368.
num_chunk_merges: 3.
num_chunk_splits: 1619.
num_chunks_enlarged: 1187.
num_inconsistent_stats: 0.

CodeHeap 'non-profiled nmethods': size=120000Kb used=9191Kb max_used=9191Kb free=110808Kb
 bounds [0x000001b18fea0000, 0x000001b1907a0000, 0x000001b1973d0000]
CodeHeap 'profiled nmethods': size=120000Kb used=23284Kb max_used=23635Kb free=96716Kb
 bounds [0x000001b1883d0000, 0x000001b189b00000, 0x000001b18f900000]
CodeHeap 'non-nmethods': size=5760Kb used=1784Kb max_used=1932Kb free=3975Kb
 bounds [0x000001b18f900000, 0x000001b18fb70000, 0x000001b18fea0000]
 total_blobs=11741 nmethods=11095 adapters=549
 compilation: enabled
              stopped_count=0, restarted_count=0
 full_count=0

Compilation events (20 events):
Event: 18.818 Thread 0x000001b1de965390 13705       4       java.net.URI::checkPath (38 bytes)
Event: 18.819 Thread 0x000001b1de965390 nmethod 13705 0x000001b19078fb10 code [0x000001b19078fcc0, 0x000001b19078fdf8]
Event: 18.819 Thread 0x000001b1de965390 13706       4       lombok.javac.JavacAST::traverse (12 bytes)
Event: 18.819 Thread 0x000001b1de965390 nmethod 13706 0x000001b19078ff90 code [0x000001b190790120, 0x000001b1907901f8]
Event: 18.819 Thread 0x000001b1fdc84290 13707       4       lombok.javac.JavacImportList::hasStarImport (156 bytes)
Event: 18.823 Thread 0x000001b1de965390 13708       4       java.net.URI::<init> (51 bytes)
Event: 18.833 Thread 0x000001b1de54e8a0 nmethod 13704 0x000001b190790310 code [0x000001b1907905c0, 0x000001b190791ac8]
Event: 18.834 Thread 0x000001b1de54e8a0 13713   !   4       sun.nio.fs.WindowsFileAttributes::get (275 bytes)
Event: 18.834 Thread 0x000001b1fdc84290 nmethod 13707 0x000001b190792510 code [0x000001b190792760, 0x000001b1907936d8]
Event: 18.834 Thread 0x000001b1fdc84290 13709       4       java.net.URI::<init> (13 bytes)
Event: 18.837 Thread 0x000001b1fdc84290 nmethod 13709 0x000001b190794010 code [0x000001b1907941e0, 0x000001b190794540]
Event: 18.837 Thread 0x000001b1fdc84290 13710   !   4       lombok.javac.JavacAST::getAbsoluteFileLocation (45 bytes)
Event: 18.842 Thread 0x000001b1fdc918a0 13716       1       java.lang.Enum::toString (5 bytes)
Event: 18.843 Thread 0x000001b1fdc918a0 nmethod 13716 0x000001b190794810 code [0x000001b1907949a0, 0x000001b190794a68]
Event: 18.843 Thread 0x000001b1de965390 nmethod 13708 0x000001b190794b10 code [0x000001b190794e00, 0x000001b190796650]
Event: 18.843 Thread 0x000001b1de965390 13714   !   4       sun.nio.fs.WindowsPath::toAbsolutePath (56 bytes)
Event: 18.845 Thread 0x000001b1de965390 nmethod 13714 0x000001b190797390 code [0x000001b190797560, 0x000001b1907976f8]
Event: 18.845 Thread 0x000001b1de965390 13711       4       sun.nio.fs.WindowsPath::toUri (5 bytes)
Event: 18.850 Thread 0x000001b1de54e8a0 nmethod 13713 0x000001b190797890 code [0x000001b190797bc0, 0x000001b190799090]
Event: 18.850 Thread 0x000001b1de54e8a0 13712   !   4       sun.nio.fs.WindowsUriSupport::toUri (48 bytes)

GC Heap History (20 events):
Event: 14.732 GC heap after
{Heap after GC invocations=25 (full 0):
 garbage-first heap   total 228352K, used 102135K [0x0000000084200000, 0x0000000100000000)
  region size 1024K, 12 young (12288K), 12 survivors (12288K)
 Metaspace       used 40174K, committed 40704K, reserved 1114112K
  class space    used 4339K, committed 4608K, reserved 1048576K
}
Event: 14.956 GC heap before
{Heap before GC invocations=25 (full 0):
 garbage-first heap   total 228352K, used 203511K [0x0000000084200000, 0x0000000100000000)
  region size 1024K, 111 young (113664K), 12 survivors (12288K)
 Metaspace       used 40236K, committed 40768K, reserved 1114112K
  class space    used 4341K, committed 4608K, reserved 1048576K
}
Event: 14.974 GC heap after
{Heap after GC invocations=26 (full 0):
 garbage-first heap   total 274432K, used 107624K [0x0000000084200000, 0x0000000100000000)
  region size 1024K, 12 young (12288K), 12 survivors (12288K)
 Metaspace       used 40236K, committed 40768K, reserved 1114112K
  class space    used 4341K, committed 4608K, reserved 1048576K
}
Event: 15.339 GC heap before
{Heap before GC invocations=27 (full 0):
 garbage-first heap   total 274432K, used 245864K [0x0000000084200000, 0x0000000100000000)
  region size 1024K, 148 young (151552K), 12 survivors (12288K)
 Metaspace       used 40296K, committed 40832K, reserved 1114112K
  class space    used 4345K, committed 4608K, reserved 1048576K
}
Event: 15.358 GC heap after
{Heap after GC invocations=28 (full 0):
 garbage-first heap   total 274432K, used 114312K [0x0000000084200000, 0x0000000100000000)
  region size 1024K, 13 young (13312K), 13 survivors (13312K)
 Metaspace       used 40296K, committed 40832K, reserved 1114112K
  class space    used 4345K, committed 4608K, reserved 1048576K
}
Event: 15.588 GC heap before
{Heap before GC invocations=28 (full 0):
 garbage-first heap   total 274432K, used 249480K [0x0000000084200000, 0x0000000100000000)
  region size 1024K, 142 young (145408K), 13 survivors (13312K)
 Metaspace       used 40299K, committed 40832K, reserved 1114112K
  class space    used 4345K, committed 4608K, reserved 1048576K
}
Event: 15.609 GC heap after
{Heap after GC invocations=29 (full 0):
 garbage-first heap   total 274432K, used 122812K [0x0000000084200000, 0x0000000100000000)
  region size 1024K, 15 young (15360K), 15 survivors (15360K)
 Metaspace       used 40299K, committed 40832K, reserved 1114112K
  class space    used 4345K, committed 4608K, reserved 1048576K
}
Event: 15.773 GC heap before
{Heap before GC invocations=29 (full 0):
 garbage-first heap   total 274432K, used 243644K [0x0000000084200000, 0x0000000100000000)
  region size 1024K, 133 young (136192K), 15 survivors (15360K)
 Metaspace       used 40320K, committed 40896K, reserved 1114112K
  class space    used 4348K, committed 4608K, reserved 1048576K
}
Event: 15.787 GC heap after
{Heap after GC invocations=30 (full 0):
 garbage-first heap   total 274432K, used 123746K [0x0000000084200000, 0x0000000100000000)
  region size 1024K, 8 young (8192K), 8 survivors (8192K)
 Metaspace       used 40320K, committed 40896K, reserved 1114112K
  class space    used 4348K, committed 4608K, reserved 1048576K
}
Event: 16.867 GC heap before
{Heap before GC invocations=31 (full 0):
 garbage-first heap   total 295936K, used 248674K [0x0000000084200000, 0x0000000100000000)
  region size 1024K, 132 young (135168K), 8 survivors (8192K)
 Metaspace       used 47039K, committed 47552K, reserved 1114112K
  class space    used 5185K, committed 5440K, reserved 1048576K
}
Event: 16.880 GC heap after
{Heap after GC invocations=32 (full 0):
 garbage-first heap   total 295936K, used 126440K [0x0000000084200000, 0x0000000100000000)
  region size 1024K, 13 young (13312K), 13 survivors (13312K)
 Metaspace       used 47039K, committed 47552K, reserved 1114112K
  class space    used 5185K, committed 5440K, reserved 1048576K
}
Event: 17.712 GC heap before
{Heap before GC invocations=32 (full 0):
 garbage-first heap   total 295936K, used 266728K [0x0000000084200000, 0x0000000100000000)
  region size 1024K, 150 young (153600K), 13 survivors (13312K)
 Metaspace       used 47820K, committed 48448K, reserved 1114112K
  class space    used 5208K, committed 5504K, reserved 1048576K
}
Event: 17.723 GC heap after
{Heap after GC invocations=33 (full 0):
 garbage-first heap   total 295936K, used 126035K [0x0000000084200000, 0x0000000100000000)
  region size 1024K, 7 young (7168K), 7 survivors (7168K)
 Metaspace       used 47820K, committed 48448K, reserved 1114112K
  class space    used 5208K, committed 5504K, reserved 1048576K
}
Event: 18.142 GC heap before
{Heap before GC invocations=33 (full 0):
 garbage-first heap   total 295936K, used 272467K [0x0000000084200000, 0x0000000100000000)
  region size 1024K, 150 young (153600K), 7 survivors (7168K)
 Metaspace       used 47929K, committed 48576K, reserved 1114112K
  class space    used 5215K, committed 5504K, reserved 1048576K
}
Event: 18.167 GC heap after
{Heap after GC invocations=34 (full 0):
 garbage-first heap   total 295936K, used 138893K [0x0000000084200000, 0x0000000100000000)
  region size 1024K, 19 young (19456K), 19 survivors (19456K)
 Metaspace       used 47929K, committed 48576K, reserved 1114112K
  class space    used 5215K, committed 5504K, reserved 1048576K
}
Event: 18.418 GC heap before
{Heap before GC invocations=35 (full 0):
 garbage-first heap   total 336896K, used 258701K [0x0000000084200000, 0x0000000100000000)
  region size 1024K, 136 young (139264K), 19 survivors (19456K)
 Metaspace       used 47934K, committed 48576K, reserved 1114112K
  class space    used 5215K, committed 5504K, reserved 1048576K
}
Event: 18.430 GC heap after
{Heap after GC invocations=36 (full 0):
 garbage-first heap   total 336896K, used 136574K [0x0000000084200000, 0x0000000100000000)
  region size 1024K, 3 young (3072K), 3 survivors (3072K)
 Metaspace       used 47934K, committed 48576K, reserved 1114112K
  class space    used 5215K, committed 5504K, reserved 1048576K
}
Event: 18.690 GC heap before
{Heap before GC invocations=36 (full 0):
 garbage-first heap   total 336896K, used 315774K [0x0000000084200000, 0x0000000100000000)
  region size 1024K, 178 young (182272K), 3 survivors (3072K)
 Metaspace       used 47947K, committed 48576K, reserved 1114112K
  class space    used 5215K, committed 5504K, reserved 1048576K
}
Event: 18.703 GC heap after
{Heap after GC invocations=37 (full 0):
 garbage-first heap   total 336896K, used 143746K [0x0000000084200000, 0x0000000100000000)
  region size 1024K, 10 young (10240K), 10 survivors (10240K)
 Metaspace       used 47947K, committed 48576K, reserved 1114112K
  class space    used 5215K, committed 5504K, reserved 1048576K
}
Event: 18.884 GC heap before
{Heap before GC invocations=37 (full 0):
 garbage-first heap   total 336896K, used 308610K [0x0000000084200000, 0x0000000100000000)
  region size 1024K, 171 young (175104K), 10 survivors (10240K)
 Metaspace       used 47963K, committed 48576K, reserved 1114112K
  class space    used 5215K, committed 5504K, reserved 1048576K
}

Dll operation events (10 events):
Event: 0.008 Loaded shared library C:\Program Files\Java\jdk-21\bin\java.dll
Event: 0.042 Loaded shared library C:\Program Files\Java\jdk-21\bin\jsvml.dll
Event: 0.057 Loaded shared library C:\Program Files\Java\jdk-21\bin\net.dll
Event: 0.058 Loaded shared library C:\Program Files\Java\jdk-21\bin\nio.dll
Event: 0.062 Loaded shared library C:\Program Files\Java\jdk-21\bin\zip.dll
Event: 0.207 Loaded shared library C:\Program Files\Java\jdk-21\bin\jimage.dll
Event: 0.213 Loaded shared library C:\Program Files\Maven\apache-maven-3.9.9\lib\jansi-native\Windows\x86_64\jansi.dll
Event: 0.232 Loaded shared library C:\Program Files\Java\jdk-21\bin\verify.dll
Event: 3.475 Loaded shared library C:\Program Files\Java\jdk-21\bin\sunmscapi.dll
Event: 3.949 Loaded shared library C:\Program Files\Java\jdk-21\bin\extnet.dll

Deoptimization events (20 events):
Event: 18.675 Thread 0x000001b1f658aaf0 DEOPT PACKING pc=0x000001b1904fbd9c sp=0x0000008e4f0fd5b0
Event: 18.675 Thread 0x000001b1f658aaf0 DEOPT UNPACKING pc=0x000001b18f957da2 sp=0x0000008e4f0fd450 mode 2
Event: 18.705 Thread 0x000001b1f658aaf0 DEOPT PACKING pc=0x000001b189764b49 sp=0x0000008e4f0fd4c0
Event: 18.705 Thread 0x000001b1f658aaf0 DEOPT UNPACKING pc=0x000001b18f9588e2 sp=0x0000008e4f0fca08 mode 0
Event: 18.706 Thread 0x000001b1f658aaf0 Uncommon trap: trap_request=0xffffffc6 fr.pc=0x000001b190567f80 relative=0x00000000000001c0
Event: 18.706 Thread 0x000001b1f658aaf0 Uncommon trap: reason=bimorphic_or_optimized_type_check action=maybe_recompile pc=0x000001b190567f80 method=lombok.javac.JavacNode.traverse(Llombok/javac/JavacASTVisitor;)V @ 73 c2
Event: 18.706 Thread 0x000001b1f658aaf0 DEOPT PACKING pc=0x000001b190567f80 sp=0x0000008e4f0fd320
Event: 18.706 Thread 0x000001b1f658aaf0 DEOPT UNPACKING pc=0x000001b18f957da2 sp=0x0000008e4f0fd2e8 mode 2
Event: 18.706 Thread 0x000001b1f658aaf0 Uncommon trap: trap_request=0xffffffc6 fr.pc=0x000001b190569d1c relative=0x0000000000001f5c
Event: 18.706 Thread 0x000001b1f658aaf0 Uncommon trap: reason=bimorphic_or_optimized_type_check action=maybe_recompile pc=0x000001b190569d1c method=lombok.javac.JavacNode.traverse(Llombok/javac/JavacASTVisitor;)V @ 113 c2
Event: 18.706 Thread 0x000001b1f658aaf0 DEOPT PACKING pc=0x000001b190569d1c sp=0x0000008e4f0fd240
Event: 18.706 Thread 0x000001b1f658aaf0 DEOPT UNPACKING pc=0x000001b18f957da2 sp=0x0000008e4f0fd208 mode 2
Event: 18.706 Thread 0x000001b1f658aaf0 Uncommon trap: trap_request=0xffffffc6 fr.pc=0x000001b190569158 relative=0x0000000000001398
Event: 18.706 Thread 0x000001b1f658aaf0 Uncommon trap: reason=bimorphic_or_optimized_type_check action=maybe_recompile pc=0x000001b190569158 method=lombok.javac.JavacNode.traverse(Llombok/javac/JavacASTVisitor;)V @ 490 c2
Event: 18.706 Thread 0x000001b1f658aaf0 DEOPT PACKING pc=0x000001b190569158 sp=0x0000008e4f0fd160
Event: 18.706 Thread 0x000001b1f658aaf0 DEOPT UNPACKING pc=0x000001b18f957da2 sp=0x0000008e4f0fd120 mode 2
Event: 18.706 Thread 0x000001b1f658aaf0 Uncommon trap: trap_request=0xffffffc6 fr.pc=0x000001b190569158 relative=0x0000000000001398
Event: 18.706 Thread 0x000001b1f658aaf0 Uncommon trap: reason=bimorphic_or_optimized_type_check action=maybe_recompile pc=0x000001b190569158 method=lombok.javac.JavacNode.traverse(Llombok/javac/JavacASTVisitor;)V @ 490 c2
Event: 18.706 Thread 0x000001b1f658aaf0 DEOPT PACKING pc=0x000001b190569158 sp=0x0000008e4f0fd160
Event: 18.706 Thread 0x000001b1f658aaf0 DEOPT UNPACKING pc=0x000001b18f957da2 sp=0x0000008e4f0fd120 mode 2

Classes loaded (20 events):
Event: 16.675 Loading class jdk/internal/icu/text/ReplaceableString
Event: 16.675 Loading class jdk/internal/icu/text/Replaceable
Event: 16.675 Loading class jdk/internal/icu/text/Replaceable done
Event: 16.675 Loading class jdk/internal/icu/text/ReplaceableString done
Event: 16.729 Loading class java/util/Collections$EmptyIteratorBeanInfo
Event: 16.729 Loading class java/util/Collections$EmptyIteratorBeanInfo done
Event: 16.730 Loading class java/util/Collections$EmptyIteratorBeanInfo
Event: 16.730 Loading class java/util/Collections$EmptyIteratorBeanInfo done
Event: 16.730 Loading class java/util/Collections$EmptyIteratorBeanInfo
Event: 16.730 Loading class java/util/Collections$EmptyIteratorBeanInfo done
Event: 16.730 Loading class java/util/Collections$EmptyIteratorBeanInfo
Event: 16.730 Loading class java/util/Collections$EmptyIteratorBeanInfo done
Event: 16.730 Loading class java/util/Collections$EmptyIteratorCustomizer
Event: 16.730 Loading class java/util/Collections$EmptyIteratorCustomizer done
Event: 16.730 Loading class java/util/Collections$EmptyIteratorCustomizer
Event: 16.730 Loading class java/util/Collections$EmptyIteratorCustomizer done
Event: 16.730 Loading class java/util/Collections$EmptyIteratorCustomizer
Event: 16.730 Loading class java/util/Collections$EmptyIteratorCustomizer done
Event: 16.730 Loading class java/util/Collections$EmptyIteratorCustomizer
Event: 16.730 Loading class java/util/Collections$EmptyIteratorCustomizer done

Classes unloaded (0 events):
No events

Classes redefined (0 events):
No events

Internal exceptions (20 events):
Event: 17.576 Thread 0x000001b1f658aaf0 Exception <a 'sun/nio/fs/WindowsException'{0x000000008f3b2918}> (0x000000008f3b2918) 
thrown [s\open\src\hotspot\share\prims\jni.cpp, line 520]
Event: 17.598 Thread 0x000001b1f658aaf0 Exception <a 'sun/nio/fs/WindowsException'{0x000000008ec26740}> (0x000000008ec26740) 
thrown [s\open\src\hotspot\share\prims\jni.cpp, line 520]
Event: 17.620 Thread 0x000001b1f658aaf0 Exception <a 'sun/nio/fs/WindowsException'{0x000000008e80eb60}> (0x000000008e80eb60) 
thrown [s\open\src\hotspot\share\prims\jni.cpp, line 520]
Event: 17.637 Thread 0x000001b1f658aaf0 Exception <a 'sun/nio/fs/WindowsException'{0x000000008e5a8530}> (0x000000008e5a8530) 
thrown [s\open\src\hotspot\share\prims\jni.cpp, line 520]
Event: 17.652 Thread 0x000001b1f658aaf0 Exception <a 'sun/nio/fs/WindowsException'{0x000000008e123d18}> (0x000000008e123d18) 
thrown [s\open\src\hotspot\share\prims\jni.cpp, line 520]
Event: 17.665 Thread 0x000001b1f658aaf0 Exception <a 'sun/nio/fs/WindowsException'{0x000000008dfa06f0}> (0x000000008dfa06f0) 
thrown [s\open\src\hotspot\share\prims\jni.cpp, line 520]
Event: 17.695 Thread 0x000001b1f658aaf0 Exception <a 'sun/nio/fs/WindowsException'{0x000000008cac0758}> (0x000000008cac0758) 
thrown [s\open\src\hotspot\share\prims\jni.cpp, line 520]
Event: 17.729 Thread 0x000001b1f658aaf0 Exception <a 'sun/nio/fs/WindowsException'{0x0000000095903110}> (0x0000000095903110) 
thrown [s\open\src\hotspot\share\prims\jni.cpp, line 520]
Event: 17.750 Thread 0x000001b1f658aaf0 Exception <a 'sun/nio/fs/WindowsException'{0x000000009558cd20}> (0x000000009558cd20) 
thrown [s\open\src\hotspot\share\prims\jni.cpp, line 520]
Event: 17.765 Thread 0x000001b1f658aaf0 Exception <a 'sun/nio/fs/WindowsException'{0x00000000951753c0}> (0x00000000951753c0) 
thrown [s\open\src\hotspot\share\prims\jni.cpp, line 520]
Event: 17.786 Thread 0x000001b1f658aaf0 Exception <a 'sun/nio/fs/WindowsException'{0x0000000094c775d8}> (0x0000000094c775d8) 
thrown [s\open\src\hotspot\share\prims\jni.cpp, line 520]
Event: 17.811 Thread 0x000001b1f658aaf0 Exception <a 'sun/nio/fs/WindowsException'{0x00000000946d9820}> (0x00000000946d9820) 
thrown [s\open\src\hotspot\share\prims\jni.cpp, line 520]
Event: 17.828 Thread 0x000001b1f658aaf0 Exception <a 'sun/nio/fs/WindowsException'{0x0000000094299be8}> (0x0000000094299be8) 
thrown [s\open\src\hotspot\share\prims\jni.cpp, line 520]
Event: 17.875 Thread 0x000001b1f658aaf0 Exception <a 'sun/nio/fs/WindowsException'{0x0000000093dc8328}> (0x0000000093dc8328) 
thrown [s\open\src\hotspot\share\prims\jni.cpp, line 520]
Event: 17.876 Thread 0x000001b1f658aaf0 Exception <a 'sun/nio/fs/WindowsException'{0x0000000093dc8cb0}> (0x0000000093dc8cb0) 
thrown [s\open\src\hotspot\share\prims\jni.cpp, line 520]
Event: 17.876 Thread 0x000001b1f658aaf0 Exception <a 'sun/nio/fs/WindowsException'{0x0000000093dc9718}> (0x0000000093dc9718) 
thrown [s\open\src\hotspot\share\prims\jni.cpp, line 520]
Event: 18.018 Thread 0x000001b1f658aaf0 Implicit null exception at 0x000001b1903bd962 to 0x000001b1903be848
Event: 18.447 Thread 0x000001b1f658aaf0 Exception <a 'sun/nio/fs/WindowsException'{0x00000000980c0df0}> (0x00000000980c0df0) 
thrown [s\open\src\hotspot\share\prims\jni.cpp, line 520]
Event: 18.447 Thread 0x000001b1f658aaf0 Exception <a 'sun/nio/fs/WindowsException'{0x00000000980c1778}> (0x00000000980c1778) 
thrown [s\open\src\hotspot\share\prims\jni.cpp, line 520]
Event: 18.447 Thread 0x000001b1f658aaf0 Exception <a 'sun/nio/fs/WindowsException'{0x00000000980c21e0}> (0x00000000980c21e0) 
thrown [s\open\src\hotspot\share\prims\jni.cpp, line 520]

ZGC Phase Switch (0 events):
No events

VM Operations (20 events):
Event: 16.880 Executing VM operation: G1CollectForAllocation (G1 Evacuation Pause) done
Event: 17.172 Executing VM operation: ICBufferFull
Event: 17.172 Executing VM operation: ICBufferFull done
Event: 17.683 Executing VM operation: ICBufferFull
Event: 17.683 Executing VM operation: ICBufferFull done
Event: 17.711 Executing VM operation: G1CollectForAllocation (G1 Evacuation Pause)
Event: 17.723 Executing VM operation: G1CollectForAllocation (G1 Evacuation Pause) done
Event: 17.884 Executing VM operation: ICBufferFull
Event: 17.884 Executing VM operation: ICBufferFull done
Event: 18.142 Executing VM operation: G1CollectForAllocation (G1 Evacuation Pause)
Event: 18.167 Executing VM operation: G1CollectForAllocation (G1 Evacuation Pause) done
Event: 18.322 Executing VM operation: G1PauseRemark
Event: 18.328 Executing VM operation: G1PauseRemark done
Event: 18.387 Executing VM operation: G1PauseCleanup
Event: 18.387 Executing VM operation: G1PauseCleanup done
Event: 18.418 Executing VM operation: G1CollectForAllocation (G1 Evacuation Pause)
Event: 18.430 Executing VM operation: G1CollectForAllocation (G1 Evacuation Pause) done
Event: 18.690 Executing VM operation: G1CollectForAllocation (G1 Evacuation Pause)
Event: 18.703 Executing VM operation: G1CollectForAllocation (G1 Evacuation Pause) done
Event: 18.884 Executing VM operation: G1CollectForAllocation (G1 Evacuation Pause)

Events (20 events):
Event: 18.327 Thread 0x000001b1fdc647a0 flushing nmethod 0x000001b188527190
Event: 18.327 Thread 0x000001b1fdc647a0 flushing nmethod 0x000001b1885b3f10
Event: 18.327 Thread 0x000001b1fdc647a0 flushing nmethod 0x000001b188608c10
Event: 18.327 Thread 0x000001b1fdc647a0 flushing nmethod 0x000001b1886f9190
Event: 18.327 Thread 0x000001b1fdc647a0 flushing nmethod 0x000001b1889b9810
Event: 18.327 Thread 0x000001b1fdc647a0 flushing nmethod 0x000001b188a04a90
Event: 18.327 Thread 0x000001b1fdc647a0 flushing nmethod 0x000001b188d5b090
Event: 18.327 Thread 0x000001b1fdc647a0 flushing nmethod 0x000001b188f0fc90
Event: 18.327 Thread 0x000001b1fdc647a0 flushing nmethod 0x000001b189085f90
Event: 18.327 Thread 0x000001b1fdc647a0 flushing nmethod 0x000001b189291590
Event: 18.327 Thread 0x000001b1fdc647a0 flushing nmethod 0x000001b1893d3810
Event: 18.327 Thread 0x000001b1fdc647a0 flushing nmethod 0x000001b189439090
Event: 18.327 Thread 0x000001b1fdc647a0 flushing nmethod 0x000001b189490e90
Event: 18.327 Thread 0x000001b1fdc647a0 flushing nmethod 0x000001b18970f290
Event: 18.327 Thread 0x000001b1fdc647a0 flushing nmethod 0x000001b18970fc10
Event: 18.327 Thread 0x000001b1fdc647a0 flushing nmethod 0x000001b189711110
Event: 18.327 Thread 0x000001b1fdc647a0 flushing nmethod 0x000001b18977b310
Event: 18.327 Thread 0x000001b1fdc647a0 flushing nmethod 0x000001b18977db90
Event: 18.327 Thread 0x000001b1fdc647a0 flushing nmethod 0x000001b18977ea10
Event: 18.327 Thread 0x000001b1fdc647a0 flushing nmethod 0x000001b18977f610


Dynamic libraries:
0x00007ff62c4c0000 - 0x00007ff62c4d0000 	C:\Program Files\Java\jdk-21\bin\java.exe
0x00007ffd0f9b0000 - 0x00007ffd0fbc4000 	C:\Windows\SYSTEM32\ntdll.dll
0x00007ffd0e830000 - 0x00007ffd0e8f2000 	C:\Windows\System32\KERNEL32.DLL
0x00007ffd0d1c0000 - 0x00007ffd0d55c000 	C:\Windows\System32\KERNELBASE.dll
0x00007ffd0ce70000 - 0x00007ffd0cf81000 	C:\Windows\System32\ucrtbase.dll
0x00007ffd02aa0000 - 0x00007ffd02abb000 	C:\Program Files\Java\jdk-21\bin\VCRUNTIME140.dll
0x00007ffd02d10000 - 0x00007ffd02d29000 	C:\Program Files\Java\jdk-21\bin\jli.dll
0x00007ffd0ee90000 - 0x00007ffd0ef3e000 	C:\Windows\System32\ADVAPI32.dll
0x00007ffd0f6d0000 - 0x00007ffd0f777000 	C:\Windows\System32\msvcrt.dll
0x00007ffd0edd0000 - 0x00007ffd0ee74000 	C:\Windows\System32\sechost.dll
0x00007ffd0ef50000 - 0x00007ffd0f065000 	C:\Windows\System32\RPCRT4.dll
0x00007ffd0ea70000 - 0x00007ffd0ec1b000 	C:\Windows\System32\USER32.dll
0x00007ffd0d720000 - 0x00007ffd0d746000 	C:\Windows\System32\win32u.dll
0x00007ffd0df20000 - 0x00007ffd0df49000 	C:\Windows\System32\GDI32.dll
0x00007ffd0d600000 - 0x00007ffd0d712000 	C:\Windows\System32\gdi32full.dll
0x00007ffcf3120000 - 0x00007ffcf33ae000 	C:\Windows\WinSxS\amd64_microsoft.windows.common-controls_6595b64144ccf1df_6.0.22621.1_none_60e502bd9af5bef0\COMCTL32.dll
0x00007ffd0d560000 - 0x00007ffd0d5fa000 	C:\Windows\System32\msvcp_win.dll
0x00007ffd02c10000 - 0x00007ffd02c1a000 	C:\Windows\SYSTEM32\VERSION.dll
0x00007ffd0e9b0000 - 0x00007ffd0e9e1000 	C:\Windows\System32\IMM32.DLL
0x00007ffd07ab0000 - 0x00007ffd07abc000 	C:\Program Files\Java\jdk-21\bin\vcruntime140_1.dll
0x00007ffcf7790000 - 0x00007ffcf781e000 	C:\Program Files\Java\jdk-21\bin\msvcp140.dll
0x00007ffc9c550000 - 0x00007ffc9d26d000 	C:\Program Files\Java\jdk-21\bin\server\jvm.dll
0x00007ffd0e9f0000 - 0x00007ffd0ea61000 	C:\Windows\System32\WS2_32.dll
0x00007ffd0bd30000 - 0x00007ffd0bd7d000 	C:\Windows\SYSTEM32\POWRPROF.dll
0x00007ffd09fc0000 - 0x00007ffd09ff4000 	C:\Windows\SYSTEM32\WINMM.dll
0x00007ffd0bd10000 - 0x00007ffd0bd23000 	C:\Windows\SYSTEM32\UMPDC.dll
0x00007ffd0bf60000 - 0x00007ffd0bf78000 	C:\Windows\SYSTEM32\kernel.appcore.dll
0x00007ffd02a60000 - 0x00007ffd02a6a000 	C:\Program Files\Java\jdk-21\bin\jimage.dll
0x00007ffd0a570000 - 0x00007ffd0a79e000 	C:\Windows\SYSTEM32\DBGHELP.DLL
0x00007ffd0d7d0000 - 0x00007ffd0db59000 	C:\Windows\System32\combase.dll
0x00007ffd0f780000 - 0x00007ffd0f857000 	C:\Windows\System32\OLEAUT32.dll
0x00007ffd09f80000 - 0x00007ffd09fb2000 	C:\Windows\SYSTEM32\dbgcore.DLL
0x00007ffd0d750000 - 0x00007ffd0d7cb000 	C:\Windows\System32\bcryptPrimitives.dll
0x00007ffcfebd0000 - 0x00007ffcfebef000 	C:\Program Files\Java\jdk-21\bin\java.dll
0x00007ffd0dfd0000 - 0x00007ffd0e7a8000 	C:\Windows\System32\SHELL32.dll
0x00007ffd0ae10000 - 0x00007ffd0b6c8000 	C:\Windows\SYSTEM32\windows.storage.dll
0x00007ffd0acd0000 - 0x00007ffd0ae0d000 	C:\Windows\SYSTEM32\wintypes.dll
0x00007ffd0de20000 - 0x00007ffd0df11000 	C:\Windows\System32\SHCORE.dll
0x00007ffd0df50000 - 0x00007ffd0dfae000 	C:\Windows\System32\shlwapi.dll
0x00007ffd0cd30000 - 0x00007ffd0cd51000 	C:\Windows\SYSTEM32\profapi.dll
0x00007ffcf3d20000 - 0x00007ffcf3df7000 	C:\Program Files\Java\jdk-21\bin\jsvml.dll
0x00007ffcfdfb0000 - 0x00007ffcfdfc0000 	C:\Program Files\Java\jdk-21\bin\net.dll
0x00007ffd06290000 - 0x00007ffd063bf000 	C:\Windows\SYSTEM32\WINHTTP.dll
0x00007ffd0c3c0000 - 0x00007ffd0c429000 	C:\Windows\system32\mswsock.dll
0x00007ffcfdf90000 - 0x00007ffcfdfa6000 	C:\Program Files\Java\jdk-21\bin\nio.dll
0x00007ffcfdef0000 - 0x00007ffcfdf08000 	C:\Program Files\Java\jdk-21\bin\zip.dll
0x00007ffcfdbd0000 - 0x00007ffcfdbf4000 	C:\Program Files\Maven\apache-maven-3.9.9\lib\jansi-native\Windows\x86_64\jansi.dll
0x00007ffcf76f0000 - 0x00007ffcf7700000 	C:\Program Files\Java\jdk-21\bin\verify.dll
0x00007ffcfdd00000 - 0x00007ffcfdd0e000 	C:\Program Files\Java\jdk-21\bin\sunmscapi.dll
0x00007ffd0d050000 - 0x00007ffd0d1b6000 	C:\Windows\System32\CRYPT32.dll
0x00007ffd0c780000 - 0x00007ffd0c7ad000 	C:\Windows\SYSTEM32\ncrypt.dll
0x00007ffd0c740000 - 0x00007ffd0c777000 	C:\Windows\SYSTEM32\NTASN1.dll
0x00007ffd0c610000 - 0x00007ffd0c62b000 	C:\Windows\SYSTEM32\CRYPTSP.dll
0x00007ffd0bed0000 - 0x00007ffd0bf05000 	C:\Windows\system32\rsaenh.dll
0x00007ffd0c4c0000 - 0x00007ffd0c4e8000 	C:\Windows\SYSTEM32\USERENV.dll
0x00007ffd0c7b0000 - 0x00007ffd0c7d8000 	C:\Windows\SYSTEM32\bcrypt.dll
0x00007ffd0c630000 - 0x00007ffd0c63c000 	C:\Windows\SYSTEM32\CRYPTBASE.dll
0x00007ffd0b9a0000 - 0x00007ffd0b9cd000 	C:\Windows\SYSTEM32\IPHLPAPI.DLL
0x00007ffd0ee80000 - 0x00007ffd0ee89000 	C:\Windows\System32\NSI.dll
0x00007ffd0ba10000 - 0x00007ffd0bb02000 	C:\Windows\SYSTEM32\DNSAPI.dll
0x00007ffd02c20000 - 0x00007ffd02c2a000 	C:\Windows\System32\rasadhlp.dll
0x00007ffd04b40000 - 0x00007ffd04bc3000 	C:\Windows\System32\fwpuclnt.dll
0x00007ffcfdcf0000 - 0x00007ffcfdcf9000 	C:\Program Files\Java\jdk-21\bin\extnet.dll
0x00007ffd0bf80000 - 0x00007ffd0bfb4000 	C:\Windows\SYSTEM32\ntmarta.dll

dbghelp: loaded successfully - version: 4.0.5 - missing functions: none
symbol engine: initialized successfully - sym options: 0x614 - pdb path: .;C:\Program Files\Java\jdk-21\bin;C:\Windows\SYSTEM32;C:\Windows\WinSxS\amd64_microsoft.windows.common-controls_6595b64144ccf1df_6.0.22621.1_none_60e502bd9af5bef0;C:\Program Files\Java\jdk-21\bin\server;C:\Program Files\Maven\apache-maven-3.9.9\lib\jansi-native\Windows\x86_64

VM Arguments:
jvm_args: -Dclassworlds.conf=C:\Program Files\Maven\apache-maven-3.9.9\bin\m2.conf -Dmaven.home=C:\Program Files\Maven\apache-maven-3.9.9 -Dlibrary.jansi.path=C:\Program Files\Maven\apache-maven-3.9.9\lib\jansi-native -Dmaven.multiModuleProjectDirectory=D:\university\Luan_Van\code\event_management 
java_command: org.codehaus.plexus.classworlds.launcher.Launcher clean compile
java_class_path (initial): C:\Program Files\Maven\apache-maven-3.9.9\boot\plexus-classworlds-2.8.0.jar
Launcher Type: SUN_STANDARD

[Global flags]
     intx CICompilerCount                          = 4                                         {product} {ergonomic}
     uint ConcGCThreads                            = 2                                         {product} {ergonomic}
     uint G1ConcRefinementThreads                  = 8                                         {product} {ergonomic}
   size_t G1HeapRegionSize                         = 1048576                                   {product} {ergonomic}
    uintx GCDrainStackTargetSize                   = 64                                        {product} {ergonomic}
   size_t InitialHeapSize                          = 130023424                                 {product} {ergonomic}
   size_t MarkStackSize                            = 4194304                                   {product} {ergonomic}
   size_t MaxHeapSize                              = 2078277632                                {product} {ergonomic}
   size_t MaxNewSize                               = 1246756864                                {product} {ergonomic}
   size_t MinHeapDeltaBytes                        = 1048576                                   {product} {ergonomic}
   size_t MinHeapSize                              = 8388608                                   {product} {ergonomic}
    uintx NonNMethodCodeHeapSize                   = 5839372                                {pd product} {ergonomic}
    uintx NonProfiledCodeHeapSize                  = 122909434                              {pd product} {ergonomic}
    uintx ProfiledCodeHeapSize                     = 122909434                              {pd product} {ergonomic}
    uintx ReservedCodeCacheSize                    = 251658240                              {pd product} {ergonomic}
     bool SegmentedCodeCache                       = true                                      {product} {ergonomic}
   size_t SoftMaxHeapSize                          = 2078277632                             {manageable} {ergonomic}
     bool UseCompressedOops                        = true                           {product lp64_product} {ergonomic}
     bool UseG1GC                                  = true                                      {product} {ergonomic}
     bool UseLargePagesIndividualAllocation        = false                                  {pd product} {ergonomic}

Logging:
Log output configuration:
 #0: stdout all=warning uptime,level,tags foldmultilines=false
 #1: stderr all=off uptime,level,tags foldmultilines=false

Environment Variables:
JAVA_HOME=C:\Program Files\Java\jdk-21
PATH=C:\Program Files\Common Files\Oracle\Java\javapath;C:\Program Files\Microsoft MPI\Bin\;C:\Windows\system32;C:\Windows;C:\Windows\System32\Wbem;C:\Windows\System32\WindowsPowerShell\v1.0\;C:\Windows\System32\OpenSSH\;C:\Program Files\dotnet\;C:\Program Files\NVIDIA Corporation\NVIDIA NvDLISR;C:\MinGW\bin;E:\Git\cmd;C:\Program Files\Azure Data Studio\bin;C:\Program Files\Git\cmd;C:\Program Files\Docker\Docker\resources\bin;C:\xampp\php;C:\Users\DELL1\AppData\Roaming\npm;C:\Program Files\Maven\apache-maven-3.9.9\bin;C:\ProgramData\ComposerSetup\bin;C:\MinGW\bin;C:\Program Files\Cloudflare\Cloudflare WARP\;C:\Program Files\Java\jdk-21\bin;D:\tools\flutter\bin;C:\Program Files\MongoDB\Server\8.0\bin;D:\tools\Android\Sdk;D:\tools\Android\Sdk\platform-tools;D:\tools\Android\.android;D:\.gradle_global;C:\Program Files\nodejs\;C:\Users\DELL1\AppData\Local\Programs\Python\Python313\Scripts\;C:\Users\DELL1\AppData\Local\Programs\Python\Python313\;C:\Users\DELL1\AppData\Local\Programs\Python\Launcher\;C:\Users\DELL1\AppData\Local\Microsoft\WindowsApps;D:\Microsoft VS Code\bin;C:\Program Files (x86)\Dev-Cpp\MinGW64\bin;E:\Microsoft VS Code\bin;C:\Program Files\Azure Data Studio\bin;%IntelliJ IDEA%;C:\Users\DELL1\AppData\Roaming\Composer\vendor\bin;C:\Users\DELL1\AppData\Roaming\npm
USERNAME=DELL1
OS=Windows_NT
PROCESSOR_IDENTIFIER=Intel64 Family 6 Model 140 Stepping 1, GenuineIntel
TMP=C:\Users\DELL1\AppData\Local\Temp
TEMP=C:\Users\DELL1\AppData\Local\Temp




Periodic native trim disabled

---------------  S Y S T E M  ---------------

OS:
 Windows 11 , 64 bit Build 22621 (10.0.22621.1)
OS uptime: 16 days 0:44 hours
Hyper-V role detected

CPU: total 8 (initial active 8) (4 cores per cpu, 2 threads per core) family 6 model 140 stepping 1 microcode 0xbe, cx8, cmov, fxsr, ht, mmx, 3dnowpref, sse, sse2, sse3, ssse3, sse4.1, sse4.2, popcnt, lzcnt, tsc, tscinvbit, avx, avx2, aes, erms, clmul, bmi1, bmi2, adx, avx512f, avx512dq, avx512cd, avx512bw, avx512vl, sha, fma, vzeroupper, avx512_vpopcntdq, avx512_vpclmulqdq, avx512_vaes, avx512_vnni, clflush, clflushopt, clwb, avx512_vbmi2, avx512_vbmi, hv, rdtscp, rdpid, fsrm, gfni, avx512_bitalg, f16c, cet_ibt, cet_ss, avx512_ifma
Processor Information for all 8 processors :
  Max Mhz: 2419, Current Mhz: 2419, Mhz Limit: 2419

Memory: 4k page, system-wide physical 7926M (619M free)
TotalPageFile size 27126M (AvailPageFile size 224M)
current process WorkingSet (physical memory assigned to process): 612M, peak: 617M
current process commit charge ("private bytes"): 640M, peak: 969M

vm_info: Java HotSpot(TM) 64-Bit Server VM (21.0.8+12-LTS-250) for windows-amd64 JRE (21.0.8+12-LTS-250), built on 2025-06-27T08:11:22Z by "mach5one" with MS VC++ 17.6 (VS2022)

END.
