#
# There is insufficient memory for the Java Runtime Environment to continue.
# Native memory allocation (mmap) failed to map 130023424 bytes for G1 virtual space
# Possible reasons:
#   The system is out of physical RAM or swap space
#   The process is running with CompressedOops enabled, and the Java Heap may be blocking the growth of the native heap
# Possible solutions:
#   Reduce memory load on the system
#   Increase physical memory or swap space
#   Check if swap backing store is full
#   Decrease Java heap size (-Xmx/-Xms)
#   Decrease number of Java threads
#   Decrease Java thread stack sizes (-Xss)
#   Set larger code cache with -XX:ReservedCodeCacheSize=
#   JVM is running with Unscaled Compressed Oops mode in which the Java heap is
#     placed in the first 4GB address space. The Java Heap base address is the
#     maximum limit for the native heap growth. Please use -XX:HeapBaseMinAddress
#     to set the Java Heap base and to place the Java Heap above 4GB virtual address.
# This output file may be truncated or incomplete.
#
#  Out of Memory Error (os_windows.cpp:3603), pid=33532, tid=10532
#
# JRE version:  (21.0.8+12) (build )
# Java VM: Java HotSpot(TM) 64-Bit Server VM (21.0.8+12-LTS-250, mixed mode, sharing, tiered, compressed oops, compressed class ptrs, g1 gc, windows-amd64)
# No core dump will be written. Minidumps are not enabled by default on client versions of Windows
#

---------------  S U M M A R Y ------------

Command Line: -Dclassworlds.conf=C:\Program Files\Maven\apache-maven-3.9.9\bin\m2.conf -Dmaven.home=C:\Program Files\Maven\apache-maven-3.9.9 -Dlibrary.jansi.path=C:\Program Files\Maven\apache-maven-3.9.9\lib\jansi-native -Dmaven.multiModuleProjectDirectory=D:\university\Luan_Van\code\event_management org.codehaus.plexus.classworlds.launcher.Launcher clean compile

Host: 11th Gen Intel(R) Core(TM) i5-1135G7 @ 2.40GHz, 8 cores, 7G,  Windows 11 , 64 bit Build 22621 (10.0.22621.1)
Time: Thu Apr  2 22:53:39 2026 SE Asia Standard Time elapsed time: 0.017756 seconds (0d 0h 0m 0s)

---------------  T H R E A D  ---------------

Current thread (0x00000242e3af1c10):  JavaThread "Unknown thread" [_thread_in_vm, id=10532, stack(0x000000da0b400000,0x000000da0b500000) (1024K)]

Stack: [0x000000da0b400000,0x000000da0b500000]
Native frames: (J=compiled Java code, j=interpreted, Vv=VM code, C=native code)
V  [jvm.dll+0x6cc179]
V  [jvm.dll+0x8584c1]
V  [jvm.dll+0x85a9ee]
V  [jvm.dll+0x85b0c3]
V  [jvm.dll+0x27ebf6]
V  [jvm.dll+0x6c88f5]
V  [jvm.dll+0x6bd45a]
V  [jvm.dll+0x354b1a]
V  [jvm.dll+0x35c796]
V  [jvm.dll+0x3af85e]
V  [jvm.dll+0x3afb08]
V  [jvm.dll+0x328e2c]
V  [jvm.dll+0x32998b]
V  [jvm.dll+0x821879]
V  [jvm.dll+0x3bc541]
V  [jvm.dll+0x80aaf8]
V  [jvm.dll+0x45172e]
V  [jvm.dll+0x453321]
C  [jli.dll+0x52a3]
C  [ucrtbase.dll+0x29363]
C  [KERNEL32.DLL+0x1244d]
C  [ntdll.dll+0x5df88]


---------------  P R O C E S S  ---------------

Threads class SMR info:
_java_thread_list=0x00007ffc9d11fc48, length=0, elements={
}

Java Threads: ( => current thread )
Total: 0

Other Threads:
  0x00000242e5c087c0 WorkerThread "GC Thread#0"                     [id=37704, stack(0x000000da0b500000,0x000000da0b600000) (1024K)]
  0x00000242e5c19b70 ConcurrentGCThread "G1 Main Marker"            [id=27864, stack(0x000000da0b600000,0x000000da0b700000) (1024K)]
  0x00000242e5c1a670 WorkerThread "G1 Conc#0"                       [id=17972, stack(0x000000da0b700000,0x000000da0b800000) (1024K)]

[error occurred during error reporting (printing all threads), id 0xc0000005, EXCEPTION_ACCESS_VIOLATION (0xc0000005) at pc=0x00007ffc9c88b5b7]
VM state: not at safepoint (not fully initialized)

VM Mutex/Monitor currently owned by a thread:  ([mutex/lock_event])
[0x00007ffc9d190f50] Heap_lock - owner thread: 0x00000242e3af1c10

Heap address: 0x0000000084200000, size: 1982 MB, Compressed Oops mode: 32-bit

CDS archive(s) mapped at: [0x0000000000000000-0x0000000000000000-0x0000000000000000), size 0, SharedBaseAddress: 0x0000000800000000, ArchiveRelocationMode: 1.
Narrow klass base: 0x0000000000000000, Narrow klass shift: 0, Narrow klass range: 0x0

GC Precious Log:
 CardTable entry size: 512
 Card Set container configuration: InlinePtr #cards 5 size 8 Array Of Cards #cards 12 size 40 Howl #buckets 4 coarsen threshold 1843 Howl Bitmap #cards 512 size 80 coarsen threshold 460 Card regions per heap region 1 cards per card region 2048

Heap:
 garbage-first heap   total 0K, used 0K [0x0000000084200000, 0x0000000100000000)
  region size 1024K, 0 young (0K), 0 survivors (0K)

[error occurred during error reporting (printing heap information), id 0xc0000005, EXCEPTION_ACCESS_VIOLATION (0xc0000005) at pc=0x00007ffc9cc751e9]
GC Heap History (0 events):
No events

Dll operation events (1 events):
Event: 0.007 Loaded shared library C:\Program Files\Java\jdk-21\bin\java.dll

Deoptimization events (0 events):
No events

Classes loaded (0 events):
No events

Classes unloaded (0 events):
No events

Classes redefined (0 events):
No events

Internal exceptions (0 events):
No events

ZGC Phase Switch (0 events):
No events

VM Operations (0 events):
No events

Events (0 events):
No events


Dynamic libraries:
0x00007ff62c4c0000 - 0x00007ff62c4d0000 	C:\Program Files\Java\jdk-21\bin\java.exe
0x00007ffd0f9b0000 - 0x00007ffd0fbc4000 	C:\Windows\SYSTEM32\ntdll.dll
0x00007ffd0e830000 - 0x00007ffd0e8f2000 	C:\Windows\System32\KERNEL32.DLL
0x00007ffd0d1c0000 - 0x00007ffd0d55c000 	C:\Windows\System32\KERNELBASE.dll
0x00007ffd0ce70000 - 0x00007ffd0cf81000 	C:\Windows\System32\ucrtbase.dll
0x00007ffd02d10000 - 0x00007ffd02d29000 	C:\Program Files\Java\jdk-21\bin\jli.dll
0x00007ffd0ee90000 - 0x00007ffd0ef3e000 	C:\Windows\System32\ADVAPI32.dll
0x00007ffd0f6d0000 - 0x00007ffd0f777000 	C:\Windows\System32\msvcrt.dll
0x00007ffd02aa0000 - 0x00007ffd02abb000 	C:\Program Files\Java\jdk-21\bin\VCRUNTIME140.dll
0x00007ffd0edd0000 - 0x00007ffd0ee74000 	C:\Windows\System32\sechost.dll
0x00007ffd0ef50000 - 0x00007ffd0f065000 	C:\Windows\System32\RPCRT4.dll
0x00007ffd0ea70000 - 0x00007ffd0ec1b000 	C:\Windows\System32\USER32.dll
0x00007ffd0d720000 - 0x00007ffd0d746000 	C:\Windows\System32\win32u.dll
0x00007ffd0df20000 - 0x00007ffd0df49000 	C:\Windows\System32\GDI32.dll
0x00007ffd0d600000 - 0x00007ffd0d712000 	C:\Windows\System32\gdi32full.dll
0x00007ffd0d560000 - 0x00007ffd0d5fa000 	C:\Windows\System32\msvcp_win.dll
0x00007ffd02c10000 - 0x00007ffd02c1a000 	C:\Windows\SYSTEM32\VERSION.dll
0x00007ffcf3120000 - 0x00007ffcf33ae000 	C:\Windows\WinSxS\amd64_microsoft.windows.common-controls_6595b64144ccf1df_6.0.22621.1_none_60e502bd9af5bef0\COMCTL32.dll
0x00007ffd0e9b0000 - 0x00007ffd0e9e1000 	C:\Windows\System32\IMM32.DLL
0x00007ffd07ab0000 - 0x00007ffd07abc000 	C:\Program Files\Java\jdk-21\bin\vcruntime140_1.dll
0x00007ffcf7790000 - 0x00007ffcf781e000 	C:\Program Files\Java\jdk-21\bin\msvcp140.dll
0x00007ffc9c550000 - 0x00007ffc9d26d000 	C:\Program Files\Java\jdk-21\bin\server\jvm.dll
0x00007ffd0e9f0000 - 0x00007ffd0ea61000 	C:\Windows\System32\WS2_32.dll
0x00007ffd0bd30000 - 0x00007ffd0bd7d000 	C:\Windows\SYSTEM32\POWRPROF.dll
0x00007ffd09fc0000 - 0x00007ffd09ff4000 	C:\Windows\SYSTEM32\WINMM.dll
0x00007ffd0bd10000 - 0x00007ffd0bd23000 	C:\Windows\SYSTEM32\UMPDC.dll
0x00007ffd0bf60000 - 0x00007ffd0bf78000 	C:\Windows\SYSTEM32\kernel.appcore.dll
0x00007ffd02a60000 - 0x00007ffd02a6a000 	C:\Program Files\Java\jdk-21\bin\jimage.dll
0x00007ffd0a570000 - 0x00007ffd0a79e000 	C:\Windows\SYSTEM32\DBGHELP.DLL
0x00007ffd0d7d0000 - 0x00007ffd0db59000 	C:\Windows\System32\combase.dll
0x00007ffd0f780000 - 0x00007ffd0f857000 	C:\Windows\System32\OLEAUT32.dll
0x00007ffd09f80000 - 0x00007ffd09fb2000 	C:\Windows\SYSTEM32\dbgcore.DLL
0x00007ffd0d750000 - 0x00007ffd0d7cb000 	C:\Windows\System32\bcryptPrimitives.dll
0x00007ffcfebd0000 - 0x00007ffcfebef000 	C:\Program Files\Java\jdk-21\bin\java.dll

dbghelp: loaded successfully - version: 4.0.5 - missing functions: none
symbol engine: initialized successfully - sym options: 0x614 - pdb path: .;C:\Program Files\Java\jdk-21\bin;C:\Windows\SYSTEM32;C:\Windows\WinSxS\amd64_microsoft.windows.common-controls_6595b64144ccf1df_6.0.22621.1_none_60e502bd9af5bef0;C:\Program Files\Java\jdk-21\bin\server

VM Arguments:
jvm_args: -Dclassworlds.conf=C:\Program Files\Maven\apache-maven-3.9.9\bin\m2.conf -Dmaven.home=C:\Program Files\Maven\apache-maven-3.9.9 -Dlibrary.jansi.path=C:\Program Files\Maven\apache-maven-3.9.9\lib\jansi-native -Dmaven.multiModuleProjectDirectory=D:\university\Luan_Van\code\event_management 
java_command: org.codehaus.plexus.classworlds.launcher.Launcher clean compile
java_class_path (initial): C:\Program Files\Maven\apache-maven-3.9.9\boot\plexus-classworlds-2.8.0.jar
Launcher Type: SUN_STANDARD

[Global flags]
     intx CICompilerCount                          = 4                                         {product} {ergonomic}
     uint ConcGCThreads                            = 2                                         {product} {ergonomic}
     uint G1ConcRefinementThreads                  = 8                                         {product} {ergonomic}
   size_t G1HeapRegionSize                         = 1048576                                   {product} {ergonomic}
    uintx GCDrainStackTargetSize                   = 64                                        {product} {ergonomic}
   size_t InitialHeapSize                          = 130023424                                 {product} {ergonomic}
   size_t MarkStackSize                            = 4194304                                   {product} {ergonomic}
   size_t MaxHeapSize                              = 2078277632                                {product} {ergonomic}
   size_t MinHeapDeltaBytes                        = 1048576                                   {product} {ergonomic}
   size_t MinHeapSize                              = 8388608                                   {product} {ergonomic}
    uintx NonNMethodCodeHeapSize                   = 5839372                                {pd product} {ergonomic}
    uintx NonProfiledCodeHeapSize                  = 122909434                              {pd product} {ergonomic}
    uintx ProfiledCodeHeapSize                     = 122909434                              {pd product} {ergonomic}
    uintx ReservedCodeCacheSize                    = 251658240                              {pd product} {ergonomic}
     bool SegmentedCodeCache                       = true                                      {product} {ergonomic}
   size_t SoftMaxHeapSize                          = 2078277632                             {manageable} {ergonomic}
     bool UseCompressedOops                        = true                           {product lp64_product} {ergonomic}
     bool UseG1GC                                  = true                                      {product} {ergonomic}
     bool UseLargePagesIndividualAllocation        = false                                  {pd product} {ergonomic}

Logging:
Log output configuration:
 #0: stdout all=warning uptime,level,tags foldmultilines=false
 #1: stderr all=off uptime,level,tags foldmultilines=false

Environment Variables:
JAVA_HOME=C:\Program Files\Java\jdk-21
PATH=C:\Program Files\Common Files\Oracle\Java\javapath;C:\Program Files\Microsoft MPI\Bin\;C:\Windows\system32;C:\Windows;C:\Windows\System32\Wbem;C:\Windows\System32\WindowsPowerShell\v1.0\;C:\Windows\System32\OpenSSH\;C:\Program Files\dotnet\;C:\Program Files\NVIDIA Corporation\NVIDIA NvDLISR;C:\MinGW\bin;E:\Git\cmd;C:\Program Files\Azure Data Studio\bin;C:\Program Files\Git\cmd;C:\Program Files\Docker\Docker\resources\bin;C:\xampp\php;C:\Users\DELL1\AppData\Roaming\npm;C:\Program Files\Maven\apache-maven-3.9.9\bin;C:\ProgramData\ComposerSetup\bin;C:\MinGW\bin;C:\Program Files\Cloudflare\Cloudflare WARP\;C:\Program Files\Java\jdk-21\bin;D:\tools\flutter\bin;C:\Program Files\MongoDB\Server\8.0\bin;D:\tools\Android\Sdk;D:\tools\Android\Sdk\platform-tools;D:\tools\Android\.android;D:\.gradle_global;C:\Program Files\nodejs\;C:\Users\DELL1\AppData\Local\Programs\Python\Python313\Scripts\;C:\Users\DELL1\AppData\Local\Programs\Python\Python313\;C:\Users\DELL1\AppData\Local\Programs\Python\Launcher\;C:\Users\DELL1\AppData\Local\Microsoft\WindowsApps;D:\Microsoft VS Code\bin;C:\Program Files (x86)\Dev-Cpp\MinGW64\bin;E:\Microsoft VS Code\bin;C:\Program Files\Azure Data Studio\bin;%IntelliJ IDEA%;C:\Users\DELL1\AppData\Roaming\Composer\vendor\bin;C:\Users\DELL1\AppData\Roaming\npm
USERNAME=DELL1
OS=Windows_NT
PROCESSOR_IDENTIFIER=Intel64 Family 6 Model 140 Stepping 1, GenuineIntel
TMP=C:\Users\DELL1\AppData\Local\Temp
TEMP=C:\Users\DELL1\AppData\Local\Temp




Periodic native trim disabled

---------------  S Y S T E M  ---------------

OS:
 Windows 11 , 64 bit Build 22621 (10.0.22621.1)
OS uptime: 16 days 0:42 hours
Hyper-V role detected

CPU: total 8 (initial active 8) (4 cores per cpu, 2 threads per core) family 6 model 140 stepping 1 microcode 0xbe, cx8, cmov, fxsr, ht, mmx, 3dnowpref, sse, sse2, sse3, ssse3, sse4.1, sse4.2, popcnt, lzcnt, tsc, tscinvbit, avx, avx2, aes, erms, clmul, bmi1, bmi2, adx, avx512f, avx512dq, avx512cd, avx512bw, avx512vl, sha, fma, vzeroupper, avx512_vpopcntdq, avx512_vpclmulqdq, avx512_vaes, avx512_vnni, clflush, clflushopt, clwb, avx512_vbmi2, avx512_vbmi, hv, rdtscp, rdpid, fsrm, gfni, avx512_bitalg, f16c, cet_ibt, cet_ss, avx512_ifma
Processor Information for all 8 processors :
  Max Mhz: 2419, Current Mhz: 2419, Mhz Limit: 2419

Memory: 4k page, system-wide physical 7926M (568M free)
TotalPageFile size 27126M (AvailPageFile size 10M)
current process WorkingSet (physical memory assigned to process): 11M, peak: 11M
current process commit charge ("private bytes"): 60M, peak: 184M

vm_info: Java HotSpot(TM) 64-Bit Server VM (21.0.8+12-LTS-250) for windows-amd64 JRE (21.0.8+12-LTS-250), built on 2025-06-27T08:11:22Z by "mach5one" with MS VC++ 17.6 (VS2022)

END.
